<?xml version="1.0" encoding="UTF-8" ?>
<testsuite errors="0" failures="0" hostname="DESKTOP-9ROQT18" name="UtilsJUnit4Test" skipped="1" tests="4" time="0.72" timestamp="2024-02-19T08:50:10">
  <properties>
    <property name="libs.spring-framework300.classpath" value="C:\Program Files\NetBeans-17\netbeans\platform\modules\org-apache-commons-logging.jar;C:\Program Files\NetBeans-17\netbeans\java\modules\ext\cglib-2.2.jar;C:\Program Files\NetBeans-17\netbeans\java\modules\ext\spring-3.0\spring-aop-3.2.18.RELEASE.jar;C:\Program Files\NetBeans-17\netbeans\java\modules\ext\spring-3.0\spring-aspects-3.2.18.RELEASE.jar;C:\Program Files\NetBeans-17\netbeans\java\modules\ext\spring-3.0\spring-beans-3.2.18.RELEASE.jar;C:\Program Files\NetBeans-17\netbeans\java\modules\ext\spring-3.0\spring-context-3.2.18.RELEASE.jar;C:\Program Files\NetBeans-17\netbeans\java\modules\ext\spring-3.0\spring-context-support-3.2.18.RELEASE.jar;C:\Program Files\NetBeans-17\netbeans\java\modules\ext\spring-3.0\spring-core-3.2.18.RELEASE.jar;C:\Program Files\NetBeans-17\netbeans\java\modules\ext\spring-3.0\spring-expression-3.2.18.RELEASE.jar;C:\Program Files\NetBeans-17\netbeans\java\modules\ext\spring-3.0\spring-instrument-3.2.18.RELEASE.jar;C:\Program Files\NetBeans-17\netbeans\java\modules\ext\spring-3.0\spring-instrument-tomcat-3.2.18.RELEASE.jar;C:\Program Files\NetBeans-17\netbeans\java\modules\ext\spring-3.0\spring-jdbc-3.2.18.RELEASE.jar;C:\Program Files\NetBeans-17\netbeans\java\modules\ext\spring-3.0\spring-jms-3.2.18.RELEASE.jar;C:\Program Files\NetBeans-17\netbeans\java\modules\ext\spring-3.0\spring-orm-3.2.18.RELEASE.jar;C:\Program Files\NetBeans-17\netbeans\java\modules\ext\spring-3.0\spring-oxm-3.2.18.RELEASE.jar;C:\Program Files\NetBeans-17\netbeans\java\modules\ext\spring-3.0\spring-struts-3.2.18.RELEASE.jar;C:\Program Files\NetBeans-17\netbeans\java\modules\ext\spring-3.0\spring-test-3.2.18.RELEASE.jar;C:\Program Files\NetBeans-17\netbeans\java\modules\ext\spring-3.0\spring-tx-3.2.18.RELEASE.jar;C:\Program Files\NetBeans-17\netbeans\java\modules\ext\spring-3.0\spring-web-3.2.18.RELEASE.jar;C:\Program Files\NetBeans-17\netbeans\java\modules\ext\spring-3.0\spring-webmvc-3.2.18.RELEASE.jar;C:\Program Files\NetBeans-17\netbeans\java\modules\ext\spring-3.0\spring-webmvc-portlet-3.2.18.RELEASE.jar" />
    <property name="javac.test.classpath" value=":build/classes:C:\Program Files\NetBeans-17\netbeans\platform\modules\ext\junit-4.13.2.jar:C:\Program Files\NetBeans-17\netbeans\platform\modules\ext\hamcrest-core-1.3.jar" />
    <property name="java.specification.version" value="17" />
    <property name="jar.index.metainf" value="false" />
    <property name="libs.spring-framework500.classpath" value="C:\Program Files\NetBeans-17\netbeans\platform\modules\org-apache-commons-logging.jar;C:\Program Files\NetBeans-17\netbeans\java\modules\ext\cglib-2.2.jar;C:\Program Files\NetBeans-17\netbeans\java\modules\ext\spring-5\spring-aop-5.2.9.RELEASE.jar;C:\Program Files\NetBeans-17\netbeans\java\modules\ext\spring-5\spring-aspects-5.2.9.RELEASE.jar;C:\Program Files\NetBeans-17\netbeans\java\modules\ext\spring-5\spring-beans-5.2.9.RELEASE.jar;C:\Program Files\NetBeans-17\netbeans\java\modules\ext\spring-5\spring-context-5.2.9.RELEASE.jar;C:\Program Files\NetBeans-17\netbeans\java\modules\ext\spring-5\spring-context-indexer-5.2.9.RELEASE.jar;C:\Program Files\NetBeans-17\netbeans\java\modules\ext\spring-5\spring-context-support-5.2.9.RELEASE.jar;C:\Program Files\NetBeans-17\netbeans\java\modules\ext\spring-5\spring-core-5.2.9.RELEASE.jar;C:\Program Files\NetBeans-17\netbeans\java\modules\ext\spring-5\spring-expression-5.2.9.RELEASE.jar;C:\Program Files\NetBeans-17\netbeans\java\modules\ext\spring-5\spring-instrument-5.2.9.RELEASE.jar;C:\Program Files\NetBeans-17\netbeans\java\modules\ext\spring-5\spring-jcl-5.2.9.RELEASE.jar;C:\Program Files\NetBeans-17\netbeans\java\modules\ext\spring-5\spring-jdbc-5.2.9.RELEASE.jar;C:\Program Files\NetBeans-17\netbeans\java\modules\ext\spring-5\spring-jms-5.2.9.RELEASE.jar;C:\Program Files\NetBeans-17\netbeans\java\modules\ext\spring-5\spring-messaging-5.2.9.RELEASE.jar;C:\Program Files\NetBeans-17\netbeans\java\modules\ext\spring-5\spring-orm-5.2.9.RELEASE.jar;C:\Program Files\NetBeans-17\netbeans\java\modules\ext\spring-5\spring-oxm-5.2.9.RELEASE.jar;C:\Program Files\NetBeans-17\netbeans\java\modules\ext\spring-5\spring-test-5.2.9.RELEASE.jar;C:\Program Files\NetBeans-17\netbeans\java\modules\ext\spring-5\spring-tx-5.2.9.RELEASE.jar;C:\Program Files\NetBeans-17\netbeans\java\modules\ext\spring-5\spring-web-5.2.9.RELEASE.jar;C:\Program Files\NetBeans-17\netbeans\java\modules\ext\spring-5\spring-webflux-5.2.9.RELEASE.jar;C:\Program Files\NetBeans-17\netbeans\java\modules\ext\spring-5\spring-webmvc-5.2.9.RELEASE.jar;C:\Program Files\NetBeans-17\netbeans\java\modules\ext\spring-5\spring-websocket-5.2.9.RELEASE.jar" />
    <property name="libs.spring-framework400.classpath" value="C:\Program Files\NetBeans-17\netbeans\platform\modules\org-apache-commons-logging.jar;C:\Program Files\NetBeans-17\netbeans\java\modules\ext\cglib-2.2.jar;C:\Program Files\NetBeans-17\netbeans\java\modules\ext\spring-4\spring-aop-4.3.29.RELEASE.jar;C:\Program Files\NetBeans-17\netbeans\java\modules\ext\spring-4\spring-aspects-4.3.29.RELEASE.jar;C:\Program Files\NetBeans-17\netbeans\java\modules\ext\spring-4\spring-beans-4.3.29.RELEASE.jar;C:\Program Files\NetBeans-17\netbeans\java\modules\ext\spring-4\spring-context-4.3.29.RELEASE.jar;C:\Program Files\NetBeans-17\netbeans\java\modules\ext\spring-4\spring-context-support-4.3.29.RELEASE.jar;C:\Program Files\NetBeans-17\netbeans\java\modules\ext\spring-4\spring-core-4.3.29.RELEASE.jar;C:\Program Files\NetBeans-17\netbeans\java\modules\ext\spring-4\spring-expression-4.3.29.RELEASE.jar;C:\Program Files\NetBeans-17\netbeans\java\modules\ext\spring-4\spring-instrument-4.3.29.RELEASE.jar;C:\Program Files\NetBeans-17\netbeans\java\modules\ext\spring-4\spring-instrument-tomcat-4.3.29.RELEASE.jar;C:\Program Files\NetBeans-17\netbeans\java\modules\ext\spring-4\spring-jdbc-4.3.29.RELEASE.jar;C:\Program Files\NetBeans-17\netbeans\java\modules\ext\spring-4\spring-jms-4.3.29.RELEASE.jar;C:\Program Files\NetBeans-17\netbeans\java\modules\ext\spring-4\spring-messaging-4.3.29.RELEASE.jar;C:\Program Files\NetBeans-17\netbeans\java\modules\ext\spring-4\spring-orm-4.3.29.RELEASE.jar;C:\Program Files\NetBeans-17\netbeans\java\modules\ext\spring-4\spring-oxm-4.3.29.RELEASE.jar;C:\Program Files\NetBeans-17\netbeans\java\modules\ext\spring-4\spring-test-4.3.29.RELEASE.jar;C:\Program Files\NetBeans-17\netbeans\java\modules\ext\spring-4\spring-tx-4.3.29.RELEASE.jar;C:\Program Files\NetBeans-17\netbeans\java\modules\ext\spring-4\spring-web-4.3.29.RELEASE.jar;C:\Program Files\NetBeans-17\netbeans\java\modules\ext\spring-4\spring-webmvc-4.3.29.RELEASE.jar;C:\Program Files\NetBeans-17\netbeans\java\modules\ext\spring-4\spring-webmvc-portlet-4.3.29.RELEASE.jar;C:\Program Files\NetBeans-17\netbeans\java\modules\ext\spring-4\spring-websocket-4.3.29.RELEASE.jar" />
    <property name="libs.spring-webmvc4.0.javadoc" value="" />
    <property name="test.binaryincludes" value="&lt;nothing&gt;" />
    <property name="debug-transport" value="dt_shmem" />
    <property name="libs.javaee-web-api-8.0.src" value="" />
    <property name="java.vendor.url" value="https://java.oracle.com/" />
    <property name="debug.modulepath" value="" />
    <property name="libs.jsp-compilation.src" value="" />
    <property name="libs.eclipselink.javadoc" value="C:\Program Files\NetBeans-17\netbeans\java\modules\ext\docs\jakarta.persistence-2.2.3-doc.zip" />
    <property name="libs.JWSAntTasks.javadoc" value="" />
    <property name="sun.boot.library.path" value="C:\Program Files\Java\jdk-17\bin" />
    <property name="sun.java.command" value="org.apache.tools.ant.taskdefs.optional.junit.JUnitTestRunner UtilsJUnit4Test skipNonTests=false filtertrace=true haltOnError=false haltOnFailure=false showoutput=true outputtoformatters=true logfailedtests=true threadid=0 logtestlistenerevents=true formatter=org.apache.tools.ant.taskdefs.optional.junit.BriefJUnitResultFormatter formatter=org.apache.tools.ant.taskdefs.optional.junit.XMLJUnitResultFormatter,C:\Users\dlopnun1503\Desktop\Entornos de desarrollo\Unidad 4\Actividad 3\JUnit4-Sample\build\test\results\TEST-UtilsJUnit4Test.xml crashfile=C:\Users\dlopnun1503\Desktop\Entornos de desarrollo\Unidad 4\Actividad 3\JUnit4-Sample\build\junitvmwatcher724146203667641668.properties propsfile=C:\Users\dlopnun1503\Desktop\Entornos de desarrollo\Unidad 4\Actividad 3\JUnit4-Sample\build\junit16594412269969928074.properties" />
    <property name="jdk.debug" value="release" />
    <property name="libs.spring-framework300.src" value="" />
    <property name="javadoc.use" value="true" />
    <property name="javadoc.notree" value="false" />
    <property name="basedir" value="C:\Users\dlopnun1503\Desktop\Entornos de desarrollo\Unidad 4\Actividad 3\JUnit4-Sample" />
    <property name="java.vm.specification.vendor" value="Oracle Corporation" />
    <property name="java.specification.name" value="Java Platform API Specification" />
    <property name="libs.jsf20.classpath" value="C:\Program Files\NetBeans-17\netbeans\enterprise\modules\ext\jsf-2_2\javax.faces.jar" />
    <property name="netbeans.extbrowser.manual_chrome_plugin_install" value="yes" />
    <property name="libs.jakartaee-api-10.0.maven-pom" value="" />
    <property name="libs.spring-framework500.javadoc" value="" />
    <property name="netbeans.default_userdir_root" value="C:\Users\dlopnun1503\AppData\Roaming\NetBeans" />
    <property name="libs.jsp-compilation-syscp.src" value="" />
    <property name="jdk.home" value="C:\Program Files\Java\jdk-17" />
    <property name="java.runtime.version" value="17.0.8+9-LTS-211" />
    <property name="libs.eclipselink.maven-pom" value="" />
    <property name="libs.metro.maven-pom" value="" />
    <property name="libs.JAXB-ENDORSED.javadoc" value="" />
    <property name="sun.java2d.noddraw" value="true" />
    <property name="sun.zip.disableMemoryMapping" value="true" />
    <property name="libs.jsp-compilation.javadoc" value="" />
    <property name="libs.jsf12.src" value="" />
    <property name="libs.primefaces.javadoc" value="" />
    <property name="libs.groovy-all.maven-pom" value="" />
    <property name="libs.restapi.src" value="" />
    <property name="libs.junit_5.javadoc" value="C:\Program Files\NetBeans-17\netbeans\platform\docs\junit-jupiter-api-5.6.0-javadoc.jar;C:\Program Files\NetBeans-17\netbeans\platform\docs\junit-jupiter-params-5.6.0-javadoc.jar;C:\Program Files\NetBeans-17\netbeans\platform\docs\junit-jupiter-engine-5.6.0-javadoc.jar" />
    <property name="dist.archive.excludes" value="" />
    <property name="java.io.tmpdir" value="C:\Users\DLOPNU~1\AppData\Local\Temp\" />
    <property name="java.version" value="17.0.8" />
    <property name="libs.jakartaee-api-8.0.javadoc" value="C:\Program Files\NetBeans-17\netbeans\enterprise\docs\jakartaee8-doc-api.jar" />
    <property name="java.vm.specification.name" value="Java Virtual Machine Specification" />
    <property name="native.encoding" value="Cp1252" />
    <property name="java.library.path" value="C:\Program Files\Java\jdk-17\bin;C:\WINDOWS\Sun\Java\bin;C:\WINDOWS\system32;C:\WINDOWS;C:\Program Files\Common Files\Oracle\Java\javapath;C:\WINDOWS\system32;C:\WINDOWS;C:\WINDOWS\System32\Wbem;C:\WINDOWS\System32\WindowsPowerShell\v1.0\;C:\WINDOWS\System32\OpenSSH\;C:\Program Files (x86)\Git\cmd;C:\Program Files\dotnet\;C:\Users\dlopnun1503\AppData\Local\Microsoft\WindowsApps;;C:\Users\dlopnun1503\AppData\Local\Programs\Microsoft VS Code\bin;C:\Users\dlopnun1503\.dotnet\tools;." />
    <property name="libs.hamcrest.src" value="" />
    <property name="java.vendor" value="Oracle Corporation" />
    <property name="libs.groovy-all.src" value="" />
    <property name="libs.testng.javadoc" value="C:\Program Files\NetBeans-17\netbeans\platform\docs\testng-6.13.1-javadoc.jar" />
    <property name="meta.inf.dir" value="src/META-INF" />
    <property name="run.upgrademodulepath" value="" />
    <property name="compile.on.save" value="true" />
    <property name="libs.testng.maven-pom" value="" />
    <property name="jlink.additionalparam" value="" />
    <property name="org.openide.version" value="deprecated" />
    <property name="run.classpath" value=":build/classes" />
    <property name="libs.jaxb.src" value="" />
    <property name="sun.awt.enableExtraMouseButtons" value="true" />
    <property name="test.src.dir" value="test" />
    <property name="org.openide.major.version" value="IDE/1" />
    <property name="libs.spring-framework300.javadoc" value="" />
    <property name="ap.proc.none.internal" value="" />
    <property name="org.openide.specification.version" value="6.2" />
    <property name="user.timezone" value="Europe/Madrid" />
    <property name="jar.index" value="false" />
    <property name="libs.jpa20-persistence.classpath" value="C:\Program Files\NetBeans-17\netbeans\java\modules\ext\eclipselink\jakarta.persistence-2.2.3.jar" />
    <property name="libs.eclipselinkmodelgen.javadoc" value="" />
    <property name="java.vm.specification.version" value="17" />
    <property name="libs.junit_5.classpath" value="C:\Program Files\NetBeans-17\netbeans\platform\modules\ext\junit-jupiter-api-5.6.0.jar;C:\Program Files\NetBeans-17\netbeans\platform\modules\ext\junit-jupiter-params-5.6.0.jar;C:\Program Files\NetBeans-17\netbeans\platform\modules\ext\junit-jupiter-engine-5.6.0.jar" />
    <property name="javadoc.noindex" value="false" />
    <property name="javadoc.private" value="false" />
    <property name="libs.spring-webmvc4.0.maven-pom" value="" />
    <property name="libs.JAXB-ENDORSED.maven-pom" value="" />
    <property name="user.home" value="C:\Users\dlopnun1503" />
    <property name="libs.eclipselinkmodelgen.maven-pom" value="" />
    <property name="have.sources" value="true" />
    <property name="annotation.processing.processors.list" value="" />
    <property name="jlink.launcher" value="true" />
    <property name="javac.deprecation" value="false" />
    <property name="build.generated.sources.dir" value="build/generated-sources" />
    <property name="plugin.manager.check.updates" value="false" />
    <property name="netbeans.autoupdate.language" value="es" />
    <property name="libs.eclipselinkmodelgen.src" value="" />
    <property name="build.compiler.emacs" value="true" />
    <property name="build.classes.excludes" value="**/*.java,**/*.form" />
    <property name="dist.jar" value="dist/JUnit4-Sample.jar" />
    <property name="libs.jakartaee-web-api-9.0.classpath" value="C:\Program Files\NetBeans-17\netbeans\enterprise\modules\ext\jakarta.jakartaee-web-api-9.0.0.jar" />
    <property name="libs.spring-webmvc4.0.classpath" value="C:\Program Files\NetBeans-17\netbeans\java\modules\ext\spring-4\spring-webmvc-4.3.29.RELEASE.jar" />
    <property name="modules.supported.internal" value="true" />
    <property name="libs.javaee-endorsed-api-7.0.javadoc" value="C:\Program Files\NetBeans-17\netbeans\enterprise\docs\javaee-doc-api.jar" />
    <property name="jna.nosys" value="false" />
    <property name="os.version" value="10.0" />
    <property name="netbeans.home" value="C:\Program Files\NetBeans-17\netbeans\platform" />
    <property name="libs.CopyLibs.javadoc" value="" />
    <property name="debug-transport-by-os" value="dt_shmem" />
    <property name="libs.javaee-api-8.0.javadoc" value="C:\Program Files\NetBeans-17\netbeans\enterprise\docs\javaee-doc-api.jar" />
    <property name="libs.jsf20.src" value="" />
    <property name="java.vm.name" value="Java HotSpot(TM) 64-Bit Server VM" />
    <property name="unnamed.module.internal" value="true" />
    <property name="libs.jakartaee-api-10.0.javadoc" value="C:\Program Files\NetBeans-17\netbeans\enterprise\docs\jakartaee10-doc-api.jar" />
    <property name="libs.jstl.javadoc" value="C:\Program Files\NetBeans-17\netbeans\enterprise\docs\javaee-doc-api.jar" />
    <property name="libs.javaee-endorsed-api-7.0.maven-pom" value="" />
    <property name="libs.jaxws21.classpath" value="C:\Program Files\NetBeans-17\netbeans\java\modules\ext\jaxws22\api\jakarta.jws-api.jar;C:\Program Files\NetBeans-17\netbeans\java\modules\ext\jaxws22\api\jakarta.xml.soap-api.jar;C:\Program Files\NetBeans-17\netbeans\java\modules\ext\jaxws22\api\jakarta.xml.ws-api.jar;C:\Program Files\NetBeans-17\netbeans\java\modules\ext\jaxws22\FastInfoset.jar;C:\Program Files\NetBeans-17\netbeans\java\modules\ext\jaxws22\gmbal-api-only.jar;C:\Program Files\NetBeans-17\netbeans\java\modules\ext\jaxws22\ha-api.jar;C:\Program Files\NetBeans-17\netbeans\java\modules\ext\jaxws22\jakarta.mail.jar;C:\Program Files\NetBeans-17\netbeans\java\modules\ext\jaxws22\jaxws-rt.jar;C:\Program Files\NetBeans-17\netbeans\java\modules\ext\jaxws22\jaxws-tools.jar;C:\Program Files\NetBeans-17\netbeans\java\modules\ext\jaxws22\management-api.jar;C:\Program Files\NetBeans-17\netbeans\java\modules\ext\jaxws22\mimepull.jar;C:\Program Files\NetBeans-17\netbeans\java\modules\ext\jaxws22\policy.jar;C:\Program Files\NetBeans-17\netbeans\java\modules\ext\jaxws22\saaj-impl.jar;C:\Program Files\NetBeans-17\netbeans\java\modules\ext\jaxws22\stax-ex.jar;C:\Program Files\NetBeans-17\netbeans\java\modules\ext\jaxws22\stax2-api.jar;C:\Program Files\NetBeans-17\netbeans\java\modules\ext\jaxws22\streambuffer.jar;C:\Program Files\NetBeans-17\netbeans\java\modules\ext\jaxws22\woodstox-core.jar;C:\Program Files\NetBeans-17\netbeans\ide\modules\ext\jaxb\api\jaxb-api.jar;C:\Program Files\NetBeans-17\netbeans\ide\modules\ext\jaxb\activation.jar;C:\Program Files\NetBeans-17\netbeans\ide\modules\ext\jaxb\jaxb-impl.jar;C:\Program Files\NetBeans-17\netbeans\ide\modules\ext\jaxb\jaxb-xjc.jar" />
    <property name="libs.restapi.classpath" value="C:\Program Files\NetBeans-17\netbeans\enterprise\modules\ext\jaxrs-2.1\jakarta.ws.rs-api-2.1.6.jar" />
    <property name="os.arch" value="amd64" />
    <property name="build.generated.dir" value="build/generated" />
    <property name="libs.groovy-all.javadoc" value="" />
    <property name="libs.jakartaee-api-8.0.classpath" value="C:\Program Files\NetBeans-17\netbeans\enterprise\modules\ext\jakarta.jakartaee-api-8.0.0.jar" />
    <property name="libs.javaee-web-api-7.0.javadoc" value="C:\Program Files\NetBeans-17\netbeans\enterprise\docs\javaee-doc-api.jar" />
    <property name="libs.javaee-endorsed-api-6.0.src" value="" />
    <property name="libs.jsf12.maven-pom" value="" />
    <property name="libs.javaee-endorsed-api-7.0.classpath" value="C:\Program Files\NetBeans-17\netbeans\enterprise\modules\ext\javaee7-endorsed\javax.annotation-api.jar;C:\Program Files\NetBeans-17\netbeans\enterprise\modules\ext\javaee7-endorsed\javax.xml.soap-api.jar;C:\Program Files\NetBeans-17\netbeans\enterprise\modules\ext\javaee7-endorsed\jaxb-api-osgi.jar;C:\Program Files\NetBeans-17\netbeans\enterprise\modules\ext\javaee7-endorsed\jaxws-api.jar;C:\Program Files\NetBeans-17\netbeans\enterprise\modules\ext\javaee7-endorsed\jsr181-api.jar" />
    <property name="org.netbeans.io.suspend" value="0" />
    <property name="libs.primefaces.maven-pom" value="" />
    <property name="ant.project.name" value="JUnit4-Sample" />
    <property name="dist.javadoc.dir" value="dist/javadoc" />
    <property name="default.javac.target" value="17" />
    <property name="javac.fork" value="true" />
    <property name="libs.eclipselink.classpath" value="C:\Program Files\NetBeans-17\netbeans\java\modules\ext\eclipselink\org.eclipse.persistence.core-2.7.10.jar;C:\Program Files\NetBeans-17\netbeans\java\modules\ext\eclipselink\org.eclipse.persistence.asm-9.2.0.jar;C:\Program Files\NetBeans-17\netbeans\java\modules\ext\eclipselink\org.eclipse.persistence.antlr-2.7.10.jar;C:\Program Files\NetBeans-17\netbeans\java\modules\ext\eclipselink\org.eclipse.persistence.jpa-2.7.10.jar;C:\Program Files\NetBeans-17\netbeans\java\modules\ext\eclipselink\org.eclipse.persistence.jpa.jpql-2.7.10.jar;C:\Program Files\NetBeans-17\netbeans\java\modules\ext\eclipselink\org.eclipse.persistence.moxy-2.7.10.jar;C:\Program Files\NetBeans-17\netbeans\java\modules\ext\eclipselink\jakarta.persistence-2.2.3.jar" />
    <property name="libs.struts.classpath" value="C:\Program Files\NetBeans-17\netbeans\enterprise\modules\ext\struts\antlr-2.7.2.jar;C:\Program Files\NetBeans-17\netbeans\enterprise\modules\ext\struts\bsf-2.3.0.jar;C:\Program Files\NetBeans-17\netbeans\enterprise\modules\ext\struts\commons-beanutils-1.8.0.jar;C:\Program Files\NetBeans-17\netbeans\enterprise\modules\ext\struts\commons-chain-1.2.jar;C:\Program Files\NetBeans-17\netbeans\enterprise\modules\ext\struts\commons-digester-1.8.jar;C:\Program Files\NetBeans-17\netbeans\enterprise\modules\ext\struts\commons-fileupload-1.1.1.jar;C:\Program Files\NetBeans-17\netbeans\enterprise\modules\ext\struts\commons-io-1.1.jar;C:\Program Files\NetBeans-17\netbeans\enterprise\modules\ext\struts\commons-logging-1.0.4.jar;C:\Program Files\NetBeans-17\netbeans\enterprise\modules\ext\struts\commons-validator-1.3.1.jar;C:\Program Files\NetBeans-17\netbeans\enterprise\modules\ext\struts\jstl-1.0.2.jar;C:\Program Files\NetBeans-17\netbeans\enterprise\modules\ext\struts\oro-2.0.8.jar;C:\Program Files\NetBeans-17\netbeans\enterprise\modules\ext\struts\standard-1.0.6.jar;C:\Program Files\NetBeans-17\netbeans\enterprise\modules\ext\struts\struts-core-1.3.10.jar;C:\Program Files\NetBeans-17\netbeans\enterprise\modules\ext\struts\struts-el-1.3.10.jar;C:\Program Files\NetBeans-17\netbeans\enterprise\modules\ext\struts\struts-extras-1.3.10.jar;C:\Program Files\NetBeans-17\netbeans\enterprise\modules\ext\struts\struts-faces-1.3.10.jar;C:\Program Files\NetBeans-17\netbeans\enterprise\modules\ext\struts\struts-mailreader-dao-1.3.10.jar;C:\Program Files\NetBeans-17\netbeans\enterprise\modules\ext\struts\struts-scripting-1.3.10.jar;C:\Program Files\NetBeans-17\netbeans\enterprise\modules\ext\struts\struts-taglib-1.3.10.jar;C:\Program Files\NetBeans-17\netbeans\enterprise\modules\ext\struts\struts-tiles-1.3.10.jar" />
    <property name="libs.PostgreSQLDriver.maven-pom" value="" />
    <property name="libs.absolutelayout.src" value="" />
    <property name="testng.mode" value="testng" />
    <property name="annotation.processing.enabled.in.editor" value="false" />
    <property name="java.vm.compressedOopsMode" value="Zero based" />
    <property name="netbeans.productversion" value="Apache NetBeans IDE 17" />
    <property name="mkdist.disabled" value="true" />
    <property name="libs.javaee-web-api-6.0.javadoc" value="C:\Program Files\NetBeans-17\netbeans\enterprise\docs\javaee-doc-api.jar" />
    <property name="ant.file.type.JUnit4-Sample" value="file" />
    <property name="libs.javaee-api-7.0.maven-pom" value="" />
    <property name="libs.groovy-all.classpath" value="C:\Program Files\NetBeans-17\netbeans\groovy\modules\ext\groovy-3.0.8.jar;C:\Program Files\NetBeans-17\netbeans\groovy\modules\ext\groovy-ant-3.0.8.jar" />
    <property name="libs.absolutelayout.javadoc" value="" />
    <property name="module.build.classes.dir" value="build/classes" />
    <property name="ant.file.JUnit4-Sample" value="C:\Users\dlopnun1503\Desktop\Entornos de desarrollo\Unidad 4\Actividad 3\JUnit4-Sample\build.xml" />
    <property name="annotation.processing.processor.options" value="" />
    <property name="libs.jaxb.maven-pom" value="" />
    <property name="libs.javaee-api-6.0.maven-pom" value="" />
    <property name="dist.dir" value="dist" />
    <property name="build.dir" value="build" />
    <property name="libs.graaljs.maven-pom" value="" />
    <property name="netbeans.autoupdate.variant" value="" />
    <property name="javadoc.version" value="false" />
    <property name="libs.metro.src" value="" />
    <property name="libs.metro.classpath" value="C:\Program Files\NetBeans-17\netbeans\ide\modules\ext\jaxb\activation.jar;C:\Program Files\NetBeans-17\netbeans\enterprise\modules\ext\metro\webservices-api.jar;C:\Program Files\NetBeans-17\netbeans\enterprise\modules\ext\metro\webservices-extra-api.jar;C:\Program Files\NetBeans-17\netbeans\enterprise\modules\ext\metro\webservices-extra.jar;C:\Program Files\NetBeans-17\netbeans\enterprise\modules\ext\metro\webservices-rt.jar;C:\Program Files\NetBeans-17\netbeans\enterprise\modules\ext\metro\webservices-tools.jar" />
    <property name="libs.CopyLibs.classpath" value="C:\Program Files\NetBeans-17\netbeans\java\ant\extra\org-netbeans-modules-java-j2seproject-copylibstask.jar" />
    <property name="sun.os.patch.level" value="" />
    <property name="javadoc.html5" value="false" />
    <property name="javac.test.processorpath" value=":build/classes:C:\Program Files\NetBeans-17\netbeans\platform\modules\ext\junit-4.13.2.jar:C:\Program Files\NetBeans-17\netbeans\platform\modules\ext\hamcrest-core-1.3.jar" />
    <property name="libs.javaee-web-api-7.0.maven-pom" value="" />
    <property name="libs.javaee-web-api-8.0.maven-pom" value="" />
    <property name="netbeans.dirs" value="C:\Program Files\NetBeans-17\netbeans\nb;C:\Program Files\NetBeans-17\netbeans\ergonomics;C:\Program Files\NetBeans-17\netbeans\ide;C:\Program Files\NetBeans-17\netbeans\extide;C:\Program Files\NetBeans-17\netbeans\java;C:\Program Files\NetBeans-17\netbeans\apisupport;C:\Program Files\NetBeans-17\netbeans\webcommon;C:\Program Files\NetBeans-17\netbeans\websvccommon;C:\Program Files\NetBeans-17\netbeans\enterprise;C:\Program Files\NetBeans-17\netbeans\mobility;C:\Program Files\NetBeans-17\netbeans\profiler;C:\Program Files\NetBeans-17\netbeans\python;C:\Program Files\NetBeans-17\netbeans\php;C:\Program Files\NetBeans-17\netbeans\identity;C:\Program Files\NetBeans-17\netbeans\harness;C:\Program Files\NetBeans-17\netbeans\cnd;C:\Program Files\NetBeans-17\netbeans\cndext;C:\Program Files\NetBeans-17\netbeans\cpplite;C:\Program Files\NetBeans-17\netbeans\dlight;C:\Program Files\NetBeans-17\netbeans\groovy;C:\Program Files\NetBeans-17\netbeans\extra;C:\Program Files\NetBeans-17\netbeans\javacard;C:\Program Files\NetBeans-17\netbeans\javafx" />
    <property name="libs.hamcrest.maven-pom" value="" />
    <property name="ant.file.type.JUnit4-Sample-impl" value="file" />
    <property name="javac.processorpath" value="" />
    <property name="libs.javaee-api-6.0.javadoc" value="C:\Program Files\NetBeans-17\netbeans\enterprise\docs\javaee-doc-api.jar" />
    <property name="libs.JWSAntTasks.maven-pom" value="" />
    <property name="run.modulepath" value="" />
    <property name="javac.upgrademodulepath" value="" />
    <property name="apple.laf.useScreenMenuBar" value="true" />
    <property name="sun.java.launcher" value="SUN_STANDARD" />
    <property name="user.country" value="ES" />
    <property name="libs.jakartaee-api-9.0.maven-pom" value="" />
    <property name="libs.restapi.javadoc" value="" />
    <property name="libs.jpa20-persistence.src" value="" />
    <property name="javac.test.sourcepath" value="C:\Users\dlopnun1503\Desktop\Entornos de desarrollo\Unidad 4\Actividad 3\JUnit4-Sample\build\empty" />
    <property name="libs.spring-webmvc3.0.maven-pom" value="" />
    <property name="includes" value="**" />
    <property name="libs.jsf12.javadoc" value="C:\Program Files\NetBeans-17\netbeans\enterprise\docs\javaee-doc-api.jar" />
    <property name="libs.hamcrest.classpath" value="C:\Program Files\NetBeans-17\netbeans\platform\modules\ext\hamcrest-core-1.3.jar" />
    <property name="javadoc.splitindex" value="true" />
    <property name="libs.JWSAntTasks.classpath" value="C:\Program Files\NetBeans-17\netbeans\java\ant\extra\org-netbeans-modules-javawebstart-anttasks.jar" />
    <property name="junit.available" value="true" />
    <property name="javac.processormodulepath" value="" />
    <property name="javadoc.encoding" value="UTF-8" />
    <property name="libs.jsp-compilation-syscp.maven-pom" value="" />
    <property name="netbeans.hash.code" value="unique=NB_EXTIDE_JAVA_PHP_WEBCOMMON_WEBEE0e94fe9a4-ecc1-46ce-a7c1-a6029357fb77_126cbc6e-2325-4718-a4ab-1ca89e8df5c2" />
    <property name="libs.jstl.src" value="" />
    <property name="libs.spring-webmvc3.0.classpath" value="C:\Program Files\NetBeans-17\netbeans\java\modules\ext\spring-3.0\spring-webmvc-3.2.18.RELEASE.jar" />
    <property name="java.runtime.name" value="Java(TM) SE Runtime Environment" />
    <property name="libs.jaxb.javadoc" value="C:\Program Files\NetBeans-17\netbeans\ide\docs\jaxb-api-doc.jar" />
    <property name="libs.spring-framework500.maven-pom" value="" />
    <property name="run.jvmargs.ide" value="" />
    <property name="ant.core.lib" value="C:\Program Files\NetBeans-17\netbeans\extide\ant\lib\ant.jar" />
    <property name="libs.jsp-compilation.maven-pom" value="" />
    <property name="javac.profile.cmd.line.arg" value="" />
    <property name="libs.jakartaee-api-9.0.classpath" value="C:\Program Files\NetBeans-17\netbeans\enterprise\modules\ext\jakarta.jakartaee-api-9.0.0.jar" />
    <property name="libs.jakartaee-api-10.0.src" value="" />
    <property name="ignore.failing.tests" value="true" />
    <property name="javac.test.modulepath" value="" />
    <property name="libs.PostgreSQLDriver.javadoc" value="" />
    <property name="libs.jsp-compilation-syscp.classpath" value="C:\Program Files\NetBeans-17\netbeans\extide\ant\lib\ant.jar;C:\Program Files\NetBeans-17\netbeans\enterprise\modules\ext\servlet3.1-jsp2.3-api.jar;C:\Program Files\NetBeans-17\netbeans\enterprise\modules\ext\glassfish-jspparser-4.0.jar;C:\Program Files\NetBeans-17\netbeans\enterprise\modules\ext\jstl-impl.jar;C:\Program Files\NetBeans-17\netbeans\enterprise\modules\ext\jsf-2_2\javax.faces.jar" />
    <property name="libs.jsp-compilation.classpath" value="C:\Program Files\NetBeans-17\netbeans\extide\ant\lib\ant.jar;C:\Program Files\NetBeans-17\netbeans\enterprise\modules\ext\servlet3.1-jsp2.3-api.jar;C:\Program Files\NetBeans-17\netbeans\enterprise\modules\ext\glassfish-jspparser-4.0.jar;C:\Program Files\NetBeans-17\netbeans\enterprise\modules\ext\jsf-2_2\javax.faces.jar;C:\Program Files\NetBeans-17\netbeans\enterprise\modules\ext\jstl-api.jar;C:\Program Files\NetBeans-17\netbeans\extide\ant\lib\ant-launcher.jar" />
    <property name="libs.javaee-api-6.0.classpath" value="C:\Program Files\NetBeans-17\netbeans\enterprise\modules\ext\javaee-api-6.0.jar" />
    <property name="libs.javaee-api-7.0.classpath" value="C:\Program Files\NetBeans-17\netbeans\enterprise\modules\ext\javaee-api-7.0.jar" />
    <property name="sun.cpu.isalist" value="amd64" />
    <property name="libs.restapi.maven-pom" value="" />
    <property name="do.depend" value="false" />
    <property name="javadoc.preview" value="true" />
    <property name="libs.jakartaee-web-api-10.0.src" value="" />
    <property name="sun.arch.data.model" value="64" />
    <property name="libs.jakartaee-web-api-9.0.maven-pom" value="" />
    <property name="libs.javaee-endorsed-api-7.0.src" value="" />
    <property name="annotation.processing.enabled" value="true" />
    <property name="libs.junit_5.src" value="C:\Program Files\NetBeans-17\netbeans\platform\docs\junit-jupiter-api-5.6.0-sources.jar;C:\Program Files\NetBeans-17\netbeans\platform\docs\junit-jupiter-params-5.6.0-sources.jar;C:\Program Files\NetBeans-17\netbeans\platform\docs\junit-jupiter-engine-5.6.0-sources.jar" />
    <property name="libs.jaxb.classpath" value="C:\Program Files\NetBeans-17\netbeans\ide\modules\ext\jaxb\jaxb-impl.jar;C:\Program Files\NetBeans-17\netbeans\ide\modules\ext\jaxb\jaxb-xjc.jar;C:\Program Files\NetBeans-17\netbeans\ide\modules\ext\jaxb\activation.jar;C:\Program Files\NetBeans-17\netbeans\ide\modules\ext\jaxb\api\jaxb-api.jar" />
    <property name="libs.javaee-api-8.0.classpath" value="C:\Program Files\NetBeans-17\netbeans\enterprise\modules\ext\javaee-api-8.0.jar" />
    <property name="libs.CopyLibs.src" value="" />
    <property name="javac.source" value="17" />
    <property name="java.specification.vendor" value="Oracle Corporation" />
    <property name="java.version.date" value="2023-07-18" />
    <property name="java.home" value="C:\Program Files\Java\jdk-17" />
    <property name="work.dir" value="C:\Users\dlopnun1503\Desktop\Entornos de desarrollo\Unidad 4\Actividad 3\JUnit4-Sample" />
    <property name="javac.test.compilerargs" value="" />
    <property name="jna.boot.library.name" value="jnidispatch-nb" />
    <property name="libs.PostgreSQLDriver.classpath" value="C:\Program Files\NetBeans-17\netbeans\ide\modules\ext\postgresql-42.2.16.jar" />
    <property name="libs.graaljs.javadoc" value="" />
    <property name="libs.spring-webmvc3.0.javadoc" value="" />
    <property name="libs.JAXB-ENDORSED.src" value="" />
    <property name="manifest.encoding" value="UTF-8" />
    <property name="user.script" value="" />
    <property name="libs.spring-framework400.src" value="" />
    <property name="sun.management.compiler" value="HotSpot 64-Bit Tiered Compilers" />
    <property name="run.test.modulepath" value="" />
    <property name="libs.javaee-web-api-6.0.classpath" value="C:\Program Files\NetBeans-17\netbeans\enterprise\modules\ext\javaee-web-api-6.0.jar" />
    <property name="libs.graaljs.classpath" value="C:\Program Files\NetBeans-17\netbeans\webcommon\modules\ext\js-20.3.0.jar;C:\Program Files\NetBeans-17\netbeans\webcommon\modules\ext\js-launcher-20.3.0.jar;C:\Program Files\NetBeans-17\netbeans\webcommon\modules\ext\regex-20.3.0.jar;C:\Program Files\NetBeans-17\netbeans\webcommon\modules\ext\icu4j-67.1.jar;C:\Program Files\NetBeans-17\netbeans\ide\modules\ext\graal-sdk-20.3.0.jar;C:\Program Files\NetBeans-17\netbeans\ide\modules\ext\launcher-common-20.3.0.jar;C:\Program Files\NetBeans-17\netbeans\ide\modules\ext\truffle-api-20.3.0.jar" />
    <property name="libs.jsp-compiler.javadoc" value="" />
    <property name="debug.test.modulepath" value="" />
    <property name="libs.javaee-web-api-7.0.classpath" value="C:\Program Files\NetBeans-17\netbeans\enterprise\modules\ext\javaee-web-api-7.0.jar" />
    <property name="file.encoding" value="Cp1252" />
    <property name="java.util.logging.config.class" value="org.netbeans.core.startup.TopLogging" />
    <property name="libs.restlib.javadoc" value="" />
    <property name="libs.absolutelayout.classpath" value="C:\Program Files\NetBeans-17\netbeans\java\modules\ext\AbsoluteLayout.jar" />
    <property name="do.archive" value="true" />
    <property name="libs.struts.maven-pom" value="" />
    <property name="built-jar.properties" value="C:\Users\dlopnun1503\Desktop\Entornos de desarrollo\Unidad 4\Actividad 3\JUnit4-Sample\build\built-jar.properties" />
    <property name="nb.native.filechooser" value="false" />
    <property name="libs.testng.src" value="" />
    <property name="platform.active" value="default_platform" />
    <property name="libs.javaee-web-api-8.0.classpath" value="C:\Program Files\NetBeans-17\netbeans\enterprise\modules\ext\javaee-web-api-8.0.jar" />
    <property name="sun.io.unicode.encoding" value="UnicodeLittle" />
    <property name="libs.struts.javadoc" value="C:\Program Files\NetBeans-17\netbeans\enterprise\docs\struts-1.3.10-javadoc.zip" />
    <property name="default.javac.source" value="17" />
    <property name="libs.javaee-web-api-8.0.javadoc" value="C:\Program Files\NetBeans-17\netbeans\enterprise\docs\javaee-doc-api.jar" />
    <property name="netbeans.dynamic.classpath" value="C:\Program Files\NetBeans-17\netbeans\platform\core\asm-9.4.jar;C:\Program Files\NetBeans-17\netbeans\platform\core\asm-commons-9.4.jar;C:\Program Files\NetBeans-17\netbeans\platform\core\asm-tree-9.4.jar;C:\Program Files\NetBeans-17\netbeans\platform\core\core-base.jar;C:\Program Files\NetBeans-17\netbeans\platform\core\core.jar;C:\Program Files\NetBeans-17\netbeans\platform\core\org-netbeans-libs-asm.jar;C:\Program Files\NetBeans-17\netbeans\platform\core\org-openide-filesystems-compat8.jar;C:\Program Files\NetBeans-17\netbeans\platform\core\org-openide-filesystems.jar;C:\Program Files\NetBeans-17\netbeans\nb\core\org-netbeans-upgrader.jar;C:\Program Files\NetBeans-17\netbeans\nb\core\locale\core_nb.jar" />
    <property name="flatlaf.nativeLibraryPath" value="system" />
    <property name="libs.eclipselinkmodelgen.classpath" value="C:\Program Files\NetBeans-17\netbeans\java\modules\ext\eclipselink\org.eclipse.persistence.jpa.modelgen.processor-2.7.10.jar" />
    <property name="javac.systemmodulepath.cmd.line.arg" value="" />
    <property name="netbeans.buildnumber" value="17-ac2b269fa33a277ff09bc424fb9a5a8c63ed2194" />
    <property name="endorsed.classpath.cmd.line.arg" value="" />
    <property name="libs.jpa20-persistence.maven-pom" value="" />
    <property name="os.name" value="Windows 10" />
    <property name="libs.CopyLibs.maven-pom" value="" />
    <property name="build.sysclasspath" value="ignore" />
    <property name="libs.jakartaee-api-8.0.maven-pom" value="" />
    <property name="jdkBug6558476" value="false" />
    <property name="javadoc.author" value="false" />
    <property name="libs.jsp-compilation-syscp.javadoc" value="" />
    <property name="source.encoding" value="UTF-8" />
    <property name="jar.compress" value="false" />
    <property name="libs.javaee-api-7.0.javadoc" value="C:\Program Files\NetBeans-17\netbeans\enterprise\docs\javaee-doc-api.jar" />
    <property name="flatlaf.updateUIOnSystemFontChange" value="false" />
    <property name="libs.spring-webmvc5.0.src" value="" />
    <property name="libs.jsf20.maven-pom" value="" />
    <property name="libs.restlib.classpath" value="C:\Program Files\NetBeans-17\netbeans\enterprise\modules\ext\jersey2\jakarta.annotation-api-1.3.5.jar;C:\Program Files\NetBeans-17\netbeans\enterprise\modules\ext\jersey2\jakarta.persistence-api-2.2.3.jar;C:\Program Files\NetBeans-17\netbeans\enterprise\modules\ext\jersey2\jakarta.servlet-api-4.0.4.jar;C:\Program Files\NetBeans-17\netbeans\enterprise\modules\ext\jersey2\jakarta.validation-api-2.0.2.jar;C:\Program Files\NetBeans-17\netbeans\enterprise\modules\ext\jersey2\jakarta.xml.bind-api-2.3.3.jar;C:\Program Files\NetBeans-17\netbeans\enterprise\modules\ext\jersey2\jersey-client-2.34.jar;C:\Program Files\NetBeans-17\netbeans\enterprise\modules\ext\jersey2\jersey-common-2.34.jar;C:\Program Files\NetBeans-17\netbeans\enterprise\modules\ext\jersey2\jersey-server-2.34.jar;C:\Program Files\NetBeans-17\netbeans\enterprise\modules\ext\jersey2\jersey-entity-filtering-2.34.jar;C:\Program Files\NetBeans-17\netbeans\enterprise\modules\ext\jersey2\jersey-hk2-2.34.jar;C:\Program Files\NetBeans-17\netbeans\enterprise\modules\ext\jersey2\jersey-media-moxy-2.34.jar;C:\Program Files\NetBeans-17\netbeans\enterprise\modules\ext\jersey2\jersey-container-servlet-2.34.jar;C:\Program Files\NetBeans-17\netbeans\enterprise\modules\ext\jersey2\jersey-container-servlet-core-2.34.jar;C:\Program Files\NetBeans-17\netbeans\enterprise\modules\ext\jersey2\hk2-api-2.6.1.jar;C:\Program Files\NetBeans-17\netbeans\enterprise\modules\ext\jersey2\hk2-locator-2.6.1.jar;C:\Program Files\NetBeans-17\netbeans\enterprise\modules\ext\jersey2\hk2-utils-2.6.1.jar;C:\Program Files\NetBeans-17\netbeans\enterprise\modules\ext\jersey2\jakarta.inject-2.6.1.jar;C:\Program Files\NetBeans-17\netbeans\enterprise\modules\ext\jersey2\aopalliance-repackaged-2.6.1.jar;C:\Program Files\NetBeans-17\netbeans\enterprise\modules\ext\jersey2\osgi.core-8.0.0.jar;C:\Program Files\NetBeans-17\netbeans\enterprise\modules\ext\jersey2\osgi-resource-locator-1.0.3.jar;C:\Program Files\NetBeans-17\netbeans\java\modules\ext\eclipselink\org.eclipse.persistence.core-2.7.10.jar;C:\Program Files\NetBeans-17\netbeans\java\modules\ext\eclipselink\org.eclipse.persistence.asm-9.2.0.jar;C:\Program Files\NetBeans-17\netbeans\java\modules\ext\eclipselink\org.eclipse.persistence.antlr-2.7.10.jar;C:\Program Files\NetBeans-17\netbeans\java\modules\ext\eclipselink\org.eclipse.persistence.jpa-2.7.10.jar;C:\Program Files\NetBeans-17\netbeans\java\modules\ext\eclipselink\org.eclipse.persistence.jpa.jpql-2.7.10.jar;C:\Program Files\NetBeans-17\netbeans\java\modules\ext\eclipselink\org.eclipse.persistence.moxy-2.7.10.jar" />
    <property name="libs.jakartaee-web-api-8.0.javadoc" value="C:\Program Files\NetBeans-17\netbeans\enterprise\docs\jakartaee8-doc-api.jar" />
    <property name="apple.awt.graphics.UseQuartz" value="true" />
    <property name="libs.graaljs.src" value="" />
    <property name="run.jvmargs" value="" />
    <property name="libs.primefaces.src" value="" />
    <property name="ant.file" value="C:\Users\dlopnun1503\Desktop\Entornos de desarrollo\Unidad 4\Actividad 3\JUnit4-Sample\build.xml" />
    <property name="libs.struts.src" value="" />
    <property name="path.separator" value=";" />
    <property name="libs.JAXB-ENDORSED.classpath" value="C:\Program Files\NetBeans-17\netbeans\ide\modules\ext\jaxb\api\jaxb-api.jar" />
    <property name="libs.restlib.src" value="" />
    <property name="build.test.results.dir" value="build/test/results" />
    <property name="libs.jaxws21.javadoc" value="C:\Program Files\NetBeans-17\netbeans\java\docs\jaxws-api-doc.zip" />
    <property name="libs.javaee-endorsed-api-6.0.javadoc" value="C:\Program Files\NetBeans-17\netbeans\enterprise\docs\javaee-doc-api.jar" />
    <property name="libs.spring-framework400.maven-pom" value="" />
    <property name="ap.processors.internal" value="" />
    <property name="module.name" value="" />
    <property name="libs.jsf12.classpath" value="C:\Program Files\NetBeans-17\netbeans\enterprise\modules\ext\jsf-1_2\jsf-api.jar;C:\Program Files\NetBeans-17\netbeans\enterprise\modules\ext\jsf-1_2\jsf-impl.jar" />
    <property name="libs.spring-webmvc5.0.javadoc" value="" />
    <property name="libs.spring-framework400.javadoc" value="" />
    <property name="libs.hamcrest.javadoc" value="" />
    <property name="java.vm.info" value="mixed mode, sharing" />
    <property name="libs.primefaces.classpath" value="C:\Program Files\NetBeans-17\netbeans\enterprise\modules\ext\primefaces\primefaces-5.0.jar" />
    <property name="libs.jaxws21.maven-pom" value="" />
    <property name="run.test.classpath" value=":build/classes:C:\Program Files\NetBeans-17\netbeans\platform\modules\ext\junit-4.13.2.jar:C:\Program Files\NetBeans-17\netbeans\platform\modules\ext\hamcrest-core-1.3.jar:build/test/classes" />
    <property name="dist.jlink.output" value="dist/jlink/JUnit4-Sample" />
    <property name="java.class.version" value="61.0" />
    <property name="javadoc.encoding.used" value="UTF-8" />
    <property name="src.dir" value="src" />
    <property name="ant.project.default-target" value="default" />
    <property name="debug.classpath" value=":build/classes" />
    <property name="excludes" value="" />
    <property name="libs.javaee-api-7.0.src" value="" />
    <property name="sun.jnu.encoding" value="Cp1252" />
    <property name="run.test.jvmargs" value="" />
    <property name="libs.junit_4.javadoc" value="C:\Program Files\NetBeans-17\netbeans\platform\docs\junit-4.13.2-javadoc.jar" />
    <property name="libs.spring-webmvc4.0.src" value="" />
    <property name="sun.java2d.dpiaware" value="true" />
    <property name="libs.jsf20.javadoc" value="C:\Program Files\NetBeans-17\netbeans\enterprise\docs\javaee-doc-api.jar" />
    <property name="netbeans.importclass" value="org.netbeans.upgrade.AutoUpgrade" />
    <property name="netbeans.autoupdate.version" value="1.23" />
    <property name="empty.dir" value="C:\Users\dlopnun1503\Desktop\Entornos de desarrollo\Unidad 4\Actividad 3\JUnit4-Sample\build\empty" />
    <property name="libs.jakartaee-api-10.0.classpath" value="C:\Program Files\NetBeans-17\netbeans\enterprise\modules\ext\jakarta.jakartaee-api-10.0.0.jar" />
    <property name="netbeans.user" value="C:\Users\dlopnun1503\AppData\Roaming\NetBeans\17" />
    <property name="file.separator" value="\" />
    <property name="line.separator" value="&#xd;&#xa;" />
    <property name="javadoc.additionalparam" value="" />
    <property name="libs.spring-webmvc5.0.classpath" value="C:\Program Files\NetBeans-17\netbeans\java\modules\ext\spring-5\spring-webmvc-5.2.9.RELEASE.jar" />
    <property name="javac.debug" value="true" />
    <property name="libs.restlib.maven-pom" value="" />
    <property name="libs.testng.classpath" value="C:\Program Files\NetBeans-17\netbeans\platform\modules\ext\testng-6.14.3.jar;C:\Program Files\NetBeans-17\netbeans\platform\modules\ext\jcommander-1.78.jar" />
    <property name="libs.jsp-compiler.src" value="" />
    <property name="user.name" value="dlopnun1503" />
    <property name="build.classes.dir" value="build/classes" />
    <property name="javadoc.windowtitle" value="" />
    <property name="nb.junit.single" value="false" />
    <property name="nb.internal.action.name" value="test" />
    <property name="libs.javaee-api-8.0.maven-pom" value="" />
    <property name="libs.jaxws21.src" value="" />
    <property name="libs.jakartaee-web-api-9.0.javadoc" value="C:\Program Files\NetBeans-17\netbeans\enterprise\docs\jakartaee9-doc-api.jar" />
    <property name="jna.loaded" value="true" />
    <property name="libs.junit_5.maven-pom" value="" />
    <property name="libs.jpa20-persistence.javadoc" value="C:\Program Files\NetBeans-17\netbeans\java\modules\ext\docs\jakarta.persistence-2.2.3-doc.zip" />
    <property name="ant.junit.enabletestlistenerevents" value="true" />
    <property name="libs.JWSAntTasks.src" value="" />
    <property name="ant.home" value="C:\Program Files\NetBeans-17\netbeans\extide\ant" />
    <property name="libs.spring-webmvc3.0.src" value="" />
    <property name="have.tests" value="true" />
    <property name="debug.test.classpath" value=":build/classes:C:\Program Files\NetBeans-17\netbeans\platform\modules\ext\junit-4.13.2.jar:C:\Program Files\NetBeans-17\netbeans\platform\modules\ext\hamcrest-core-1.3.jar:build/test/classes" />
    <property name="javac.external.vm" value="true" />
    <property name="testng.debug.mode" value="" />
    <property name="javac.target" value="17" />
    <property name="ant.version" value="Apache Ant(TM) version 1.10.8 compiled on May 10 2020" />
    <property name="libs.absolutelayout.maven-pom" value="" />
    <property name="java.failonerror" value="true" />
    <property name="libs.spring-framework500.src" value="" />
    <property name="javac.modulepath" value="" />
    <property name="user.properties.file" value="C:\Users\dlopnun1503\AppData\Roaming\NetBeans\17\build.properties" />
    <property name="libs.javaee-api-6.0.src" value="" />
    <property name="netbeans.autoupdate.country" value="ES" />
    <property name="nb.wait.for.caches" value="true" />
    <property name="java.class.path" value="C:\Users\dlopnun1503\Desktop\Entornos de desarrollo\Unidad 4\Actividad 3\JUnit4-Sample\build\classes;C:\Program Files\NetBeans-17\netbeans\platform\modules\ext\junit-4.13.2.jar;C:\Program Files\NetBeans-17\netbeans\platform\modules\ext\hamcrest-core-1.3.jar;C:\Users\dlopnun1503\Desktop\Entornos de desarrollo\Unidad 4\Actividad 3\JUnit4-Sample\build\test\classes;C:\Program Files\NetBeans-17\netbeans\extide\ant\lib\ant-launcher.jar;C:\Program Files\NetBeans-17\netbeans\extide\ant\lib\ant.jar;C:\Program Files\NetBeans-17\netbeans\extide\ant\lib\ant-junit.jar;C:\Program Files\NetBeans-17\netbeans\extide\ant\lib\ant-junit4.jar" />
    <property name="libs.javaee-web-api-6.0.maven-pom" value="" />
    <property name="java.vm.vendor" value="Oracle Corporation" />
    <property name="ap.supported.internal" value="true" />
    <property name="user.variant" value="" />
    <property name="netbeans.home+have.tests" value="true" />
    <property name="test.binaryexcludes" value="" />
    <property name="javac.compilerargs" value="" />
    <property name="libs.jstl.maven-pom" value="" />
    <property name="ant.file.JUnit4-Sample-impl" value="C:\Users\dlopnun1503\Desktop\Entornos de desarrollo\Unidad 4\Actividad 3\JUnit4-Sample\nbproject\build-impl.xml" />
    <property name="libs.jakartaee-web-api-8.0.src" value="" />
    <property name="sun.cpu.endian" value="little" />
    <property name="libs.jakartaee-api-9.0.src" value="" />
    <property name="libs.junit_4.src" value="C:\Program Files\NetBeans-17\netbeans\platform\docs\junit-4.13.2-sources.jar" />
    <property name="user.language" value="es" />
    <property name="copylibs.rebase" value="true" />
    <property name="libs.javaee-web-api-6.0.src" value="" />
    <property name="maven.defaultProjectBuilder.disableGlobalModelCache" value="true" />
    <property name="javadoc.nonavbar" value="false" />
    <property name="libs.javaee-api-8.0.src" value="" />
    <property name="ant.java.version" value="17" />
    <property name="libs.junit_4.classpath" value="C:\Program Files\NetBeans-17\netbeans\platform\modules\ext\junit-4.13.2.jar" />
    <property name="libs.jakartaee-api-9.0.javadoc" value="C:\Program Files\NetBeans-17\netbeans\enterprise\docs\jakartaee9-doc-api.jar" />
    <property name="jlink.launcher.name" value="JUnit4-Sample" />
    <property name="test.binarytestincludes" value="" />
    <property name="sun.awt.keepWorkingSetOnMinimize" value="true" />
    <property name="libs.spring-webmvc5.0.maven-pom" value="" />
    <property name="libs.junit_4.maven-pom" value="" />
    <property name="runtime.encoding" value="UTF-8" />
    <property name="libs.jsp-compiler.maven-pom" value="" />
    <property name="jlink.additionalmodules" value="" />
    <property name="libs.jakartaee-web-api-10.0.javadoc" value="C:\Program Files\NetBeans-17\netbeans\enterprise\docs\jakartaee10-doc-api.jar" />
    <property name="libs.jakartaee-web-api-8.0.classpath" value="C:\Program Files\NetBeans-17\netbeans\enterprise\modules\ext\jakarta.jakartaee-web-api-8.0.0.jar" />
    <property name="javac.classpath" value="" />
    <property name="dist.jlink.dir" value="dist/jlink" />
    <property name="nb.junit.batch" value="true" />
    <property name="libs.jakartaee-web-api-10.0.maven-pom" value="" />
    <property name="build.test.classes.dir" value="build/test/classes" />
    <property name="libs.spring-framework300.maven-pom" value="" />
    <property name="ant.project.invoked-targets" value="test" />
    <property name="libs.jstl.classpath" value="C:\Program Files\NetBeans-17\netbeans\enterprise\modules\ext\jstl-impl.jar;C:\Program Files\NetBeans-17\netbeans\enterprise\modules\ext\jstl-api.jar" />
    <property name="ap.cmd.line.internal" value="" />
    <property name="libs.PostgreSQLDriver.src" value="" />
    <property name="java.vendor.url.bug" value="https://bugreport.java.com/bugreport/" />
    <property name="annotation.processing.source.output" value="build/generated-sources/ap-source-output" />
    <property name="libs.javaee-endorsed-api-6.0.maven-pom" value="" />
    <property name="user.dir" value="C:\Users\dlopnun1503\Desktop\Entornos de desarrollo\Unidad 4\Actividad 3\JUnit4-Sample" />
    <property name="platform.java" value="C:\Program Files\Java\jdk-17/bin/java" />
    <property name="application.args" value="" />
    <property name="org.xml.sax.driver" value="com.sun.org.apache.xerces.internal.jaxp.SAXParserImpl$JAXPSAXParser" />
    <property name="libs.jakartaee-web-api-8.0.maven-pom" value="" />
    <property name="libs.eclipselink.src" value="" />
    <property name="java.vm.version" value="17.0.8+9-LTS-211" />
    <property name="libs.metro.javadoc" value="C:\Program Files\NetBeans-17\netbeans\enterprise\docs\webservices-api-javadoc.jar;C:\Program Files\NetBeans-17\netbeans\enterprise\docs\webservices-extra-javadoc.jar;C:\Program Files\NetBeans-17\netbeans\enterprise\docs\webservices-extra-api-javadoc.jar;C:\Program Files\NetBeans-17\netbeans\enterprise\docs\webservices-rt-javadoc.jar;C:\Program Files\NetBeans-17\netbeans\enterprise\docs\webservices-tools-javadoc.jar" />
    <property name="libs.jakartaee-web-api-9.0.src" value="" />
    <property name="sun.awt.datatransfer.timeout" value="1000" />
    <property name="libs.jakartaee-web-api-10.0.classpath" value="C:\Program Files\NetBeans-17\netbeans\enterprise\modules\ext\jakarta.jakartaee-web-api-10.0.0.jar" />
    <property name="libs.jakartaee-api-8.0.src" value="" />
    <property name="annotation.processing.run.all.processors" value="true" />
    <property name="libs.javaee-web-api-7.0.src" value="" />
    <property name="junit.forkmode" value="perTest" />
    <property name="libs.jsp-compiler.classpath" value="C:\Program Files\NetBeans-17\netbeans\enterprise\ant\extra\jspcompile.jar" />
    <property name="libs.javaee-endorsed-api-6.0.classpath" value="C:\Program Files\NetBeans-17\netbeans\enterprise\modules\ext\javaee6-endorsed\javax.annotation.jar;C:\Program Files\NetBeans-17\netbeans\enterprise\modules\ext\javaee6-endorsed\jaxb-api-osgi.jar;C:\Program Files\NetBeans-17\netbeans\enterprise\modules\ext\javaee6-endorsed\webservices-api-osgi.jar" />
  </properties>
  <testcase classname="UtilsJUnit4Test" name="helloWorldCheck" time="0.003" />
  <testcase classname="UtilsJUnit4Test" name="testWithTimeout" time="0.633" />
  <testcase classname="UtilsJUnit4Test" name="temporarilyDisabledTest" time="0.0">
    <skipped />
  </testcase>
  <testcase classname="UtilsJUnit4Test" name="checkExpectedException" time="0.0" />
  <system-out><![CDATA[ * UtilsJUnit4Test: método @BeforeClass 
 * UtilsJUnit4Test: @Antes del método 
 * UtilsJUnit4Test: método de prueba 1 - helloWorldCheck() 
 * UtilsJUnit4Test: método @After 
 * UtilsJUnit4Test: @Antes del método 
informática15722!
15722! = 10351577193147206961266144478040789357929342388210378100947598318545966906998169480246545806304492305271522455229492200562998663516954602858657945552457317386259517158400269392850317452777169068445668129546900610656259493835514928929981759728802856018716825062879953591249976893113795559594785009661080056555622916453803462597004292923012470927160959769140637911718318491950725852352454033740992777348538400136169421341728569110642031176060691061862552390306810176307610471232120325857749828743465969837399214624579358536593118878108816686693788542364957455020161818223420254373004761205269358340178807988118995478639490963366251561481736811663747110939654507681793635724103261242684231192368082018915758589388410675395120591421890477380859083265508995671414923122433233432754541906848586144392143534618716520650836334149876122521859692496937496410441836493823301626295535553243347177716170337152459990245298497504140158167760066311991660090162292170476321856383053545792721240599313708285640425920419324140825944642368270154806198966673002202075701045183687150141759155933575478806527744277235395636332888634533716014739175074770002005450560004445933576712891138256489803589040761979365881653809070617515269841109371429491497817189774263779302247905128650798518521273535004110040756958443087984436387125698684036953267154475665980309076502582577228046996602207665803039201547025403662275473199743203813203291994628938835190123641206727131972236475789870058713540272894740656845461688144957706051418426708443393901863013369313687941038188381051327674676364366290352169196299596577956174559439029217348292236424273995516956985070020160521419244615922637640240053199618970166629737344950285380069499016585960963687014544112772163626028108216176125126111294333682607367488839050171149966014273507900344521794492274725444269516004677118359873886287761622482068344303654682390705649469417139267428103680137753136204741534372492588317436429576852194331972297316525479123843435808282416501747552583549796823730093910803132526959323325824955495531013517571728838725166401970699955087306416744449514010643804396174412669126940119227108970431101385466316403169778301050600786938379549459028830720302582672350500337103656964030048929677331752117817716596182195588462650099471095844495028120517115397928108434281509200270650679223931999320002243731139613025706797712307862605011691949554926153436441016271151901943797199658769780486022009728990733953501153762989929920088278499921185178593682128169483503888102090536379423803933055083525899727973286838429253607909093744255018934198773481924463493624847437959077610527149118315219701221606568773383380630068688256662775025321917141297088586836539373609326461555794854915830931265638289708303001483272005670161845951371866164697883538830368513591250749711115942439541028148294356365092961255142529815108177414226154434158435511026713457228748730039903108031414568097498291163476856565556010737890470953004792048118781849906959738936339221577676417127240134850275406039770587724106810595828180399593530750994956212962805075309175206883575593114788997296737937161572401703608584316216028458516741911978685544759523150138757856893655886039174396753939638960905734582349857233889864033041680657872987999453380197155073248063364398822946787414598864824492110553424210451359872531922837588864507612861560446213481298972510664429730274256273247060830868373666126005812711459592326924686451544126906472336155549384309965572296764820505015890825525956694475945861875412728820272110729092361257901929587391775997726935619023666418333761176693282181163150040009355271327901089109916097035959548489812030256394404306774236355425602410657777370448432371086386665786224362243687678685717325994805622166714145550344693792501762984839899465718102657998408241792777750304084851777223527453080606258349874222463819255551621146435651444019436001714647696506253633587732337849610798629272583584035001862995241859919056195816408180015126259934003826448289260067351588109808694533575389859293561894618353494913712012020021545157398473765797508279770769056500103186569186677787773236357644000856135922482826367020843348807551398329318934511133110820075890375008722299362667984060744363098782667002954010180859100824348451057622123915883431504164798227468419661385377684759229806498400248380542009068063370528381306183559323170076809544758267695886122518074414197929655500803680250639787373709419244048648271805886270903935548438891043291289166450126642385561911368343008499425724409458978934519965852034343000756967553399277434302345040392419993791781824622279677490890298751215619324392595864551918617272724691927368709728112755581914660988701440326779181587468744703465406797391873671276356989721990677590969324768733500700375627203545790675610532047010784895400473971972263402272759141893269627462825351836703845090516295206684305201486328878787134622843071423219627329354918521516776462301914618540627740187341771231211500028771191404997044570945512984082560057912932644943146787513881525627506318433446011533293641473606988954166452431551919512287638286615589229666966247580672146309461948192437445390496455320237899525726203140916292681327443994759352416041699351717877914020246135780623333972582479683795618887457356445368212060047619221879629250927165753012014539167946887743955103311381892918681597277701987897582132556562427476165557382393138291862456408442986554049912336699559545846717463478714602271075154731860893724455441729996610291002259235607997996509610628949018086559902409660207832984529051233443465094096867219712804821477278420320333094617823877355975195579784309971999161451222870375439050692513354538499668015111624782362915915686968572735675871954412476293490364631088544433510831772213005904092208157866993706583324471019530069881288540104600817016350994213096727935752479245928084801510305858141982644579640993781598275685961744274835685308991288917966852685162688534675578801629162694481184640032368245595325670675706938077295052366170404299026865947530542111155401706553999314504878311570201097019586015294247148674253533298095431596261980126120885078126367364244402050931927498107922553570839848834028721685306949431425790687403314889151164477881941173843842199381557395993833318292651300907767736433413584208013479153730925836590017343196681780153580058531832691037417883294106287072246606439253086331495508868388830533970803485721492748006238856023766883624676502216244368288467769647397573314482533095435352973805778799404199745393980601947929419350878998949645646003473927058289427125475127269815458367566902154120683913990499911540581167097016548306797596291630853780653669933935792384949508289045364769999002243732614814806427934917640463440559586130508674492215364053148664117228654379619933533498491515695878940083708548580802677282300026004525779897926707840437086573281517101427125678105526982676676043726799772052564871594448290663523285071110695118089212987431236542861264882248732582118256568633245615222052912185466116214102270504220725156808813926429630341587548101826154314851412178961410878409760178576796770045966958029546069707170717563181637648266279772540581474887507784604635570295302620873694168066172287263483054811780607350370646563784407994285448448253634547821354115908594231770526545035039422381153388130840459628800057251107828907897424964490721358108043118214882592357272820213123894933780675677017034691760245040063662797211902625231415848385207425580644442376896917192428328089722267421947472098262536550752164540037283151495016756829713452776675863752595791648427647007725743910651344350654100832870048614084792219547908549393556664633598632513009734144171819657379700141351124069692642779692908329694692597504627413858748627427501941543752146306457885704732280197633844392165962600003760463677306949136327114300940055311770941456679787673476349577330825299153775957158577994684908929979199904913500706425687053844685003708875600208529033220374847922749116139451629996929337024579853524928167116573074451636667426937747171896650175030340287530076588618646831364026518670003504120225509651364819095757703757897366858464335734318382643639430140781734999766207704206038107498701724761518596929245632967851013190387932808655836031875910166553138200118398457246334697575118245711755666568582293108683758095708753070629872814205413020373626021977173050115877321040406525932257304972033488651869974984442652651048727679606802056942977225436646793955190008413050006381114771320600121858367086244644246763024102926396278597983108582942941010928805107261114066990481523183122095893866156560460409756225353071446710126258920168090339449550632368764411973877577466971931347321269519330827961194435033261099896630959746255025192679057677577232392446457549247110420614636760967012625411311867091984581329847719840551095200008687636230666663069805555944752653265368193877267182126290043741102512575796792659121364693436752120573258554871366790277467009461435177699076119562041972050425904094668219312481830726366838229454004937186535754202224320317214918017191096374522047498675867437912231296752453502732058483023630324609033845587746027887880432817195217194985213461617252102522697930888216271342820375827040259448640705190044984059730234022039775316736997696707371893259874958606500823524233493133715079891602184529668067756897212125868040930320427565460815089567057878030629446237326258269126425456171462127469749553646071160625022030781299642411092293761632552769142217382606993522245317054844787276095466910290023372250821799977270692144554297024969093773861976553579973421908152737143178662790468095905201969668659057969729741005453944436938087273879457132238689815173756456703680789601257695582343977172995712457858925475528323893846244257813682436535784623079528957651949075255443479980421152595541793044394964084771447754260542092793493453773662578791027454001446138580712831304967063792987645236931394941841771844974996843928641509159006055380412259031447175488273470002553850425296829835036403942573521160758243481898269943347165959767530663056121647194589300730085090163465737105020897388732244354744095475542162617258983383586468490859601849947882788725188098613004679676962829391092160689735206764631043863591121421192371936265250184524019688749875607588129577768391066400613583446650291391442419033698369500398935486862342224860851079264512403317772077204372195455264422828184803983266698939333156584978680690267836183875758296244526219193062418745006610661246261498476536249662271387763022687610927089217943733445115990071568173677508864924269966693359099972992804218029159493703079211578266635849101459999193400105130533472583944683090680081663184637072849210677003564512794875942436878433481540355785076287630875465435592394477956590289387862805889743793926570127852493757021591521288589499007344815117400803114937824235139398776086722718402229958408958401171888210402096028577742834297497660346802930774092813941345871011160773934688864685000410598106899339390235743927897195539553995199134470492691053640876293583425095645490733973114084990861135700047930204737874280413986053227362572599792606481412646932105538856403379131340503993533213629568475363162726951324290228095823043107972869779574673708563115797349436648538520558243739028616430130859066184629858607425770287473861707631790917458587503753952159373964487216444856595225500416873255989267219987981955727380824114386198893932311087579390913773343756688245612099970609156730805738293743794109131383279840758097184764907892258465923715109967173481497004118748550544083519841142166886395314383540941613901234670511740353923447221552081889576652280574842881388378057805902683614651564201256765471802866860177262607701356261518504266093246498472022941452353383678060881339457070851291934884353641948880936308644033604723592257860587109889345634539662540883725676531618985525561138477779607526806789821133515469740942274154384635608881509969012315484498219850273212045366902198659721203010301919186269622041151674878518761209848376209339379522287221302849918004670529153323447492219981533326602037457466675928731019943670262098636578164570615168521744113973250965251094949269583774128966596449774321938798496852048418627248276305847875097890097780334054712802146205617377413900504454584908014830766090672957977213865377134274939971330277432214691870721259924168523916868816131645564982586418978020528363158960599439736351607809772861854761196439988642579931423389969559715750743466252862477531314435940577706131722369531955284987048634079108861646219920795653362902208426555904344282128983556169816256367707974907203344288452036118863772494344334719219899354873622203704610375212396812109994624961339316200554305700837177534693918141563700591460194358270830286788549215777436251531676608992941969727333225348485305534711270370492618468565446598835806867285620753449626024082641125435516299370360418902135586731852437426844150699436878687716300279401032449411955777269078414521615942345954462524107130749379607487574619497999417197313799620640844327913116304962347088753428868032909583533733978762043555666624978975007321970745415105102890699332060235558001748000879723611879278943766396434433752496672871811213372822753470989885449327026312732675362596491071914736876177615510687691115369814663031485666358250588098282371307801805182986323143584448797018825893758649357259043144029053215265216632884483097527752447375011184253056049676852999027482256599235278807318543564205700606185207381190371005699436802934550355749446017391939545872960637752210856055845595320653942702436404745549081670172166165081917407163828826732981738592785301365536659544095218211985956213724630507214083569318028809378074695597232681122742279971597224293276507376224906571085434664076434501875218573154738295169965818722062218751617674104604645163118939431972610960697165261902088414190047608597408120566772708922149053085175891934116290494360807236257863374738578627402100919898911680812450206787699446110613908999840255087852842690832439399860962360439074575358443966446576254933058454042778667949463006446210149129314579832610484552002081153270556907854372004166588848823893701968975465760127703368903750978361996916155186807554029947448310966453213941666784450050425910236889700633331931435419425267631488427605932884345444176656659865576105374090980007964339022222827163559212428170616644943800255831637664947661915456613221710171091410966396502116026835871221917107798722809689850798062699084722805020668197361846952928752658778230621626222530268600239665435410953141963647917742731085446724840639203169566595226636908290171945368185055180767073610172109869904789706603145177523008860559183060754076042414825861382209491206717481378389960491626035372907265816861655195892406942094350513926189668336084159671554465726248181673958525111855036035036346458141831464269547229192441965254980425031202330830096991389051367082622988902803048043216602688829532931263811404402067800640373080252963805626286181462127160919363345279776513869986104524898905765265433501656303534921424261510398935935441307855015178971099255179824125172635637633020682415038388611503009765335146768156073992603024253145455901605040982265902803414040421649214414607221453159472289707295805425810619652029948032375889378782130143130341936629212469656182681436583719358189385228338180154928136838740307712052083406640448301030083183588270820129453312889776146841694724124512140097413644161596985640253373257705941474323722351198494571117540120662669792443121193538654082737757596049772692724657059162978291877184268656023057825334002927179173008374282022412552381027387073266191247977810781123703749733259665302561924734857380046039944293051634243815957390522047033669508264802808382157760269982961022679075198460474087148924093045376354796071427237669364344594718403609262160258369316744370250912352946248296736151797651213582239364991757893400245623275339511122133279325717006040529541355590358210091709333791935292633290442187449649677359187651400041211226222829808186034827890477574315706932730610786813072608926031255089855561592391014107302654416157200467510032047045236866876877257536500621420755264164462100810838920329881095287451892120686025996933933017406417613589864108125145583149155298190838087365507542437636597891570396773176198266726709982003443918007669402512421915118813766425943759716644417764230855175270213155455600066494535012335608390475663490886542787542636100667214437033734722246570876851669791774189002728671534465935153627059480772338549417868813978544720231182335735592221299177113047531383150497776719699100497272262135775716639835452332621160486336868637843062284400082068086438829064746671246536627305322208125701906784589866945038260314005783459497547951808222337836732890738366624994470736661388586242637248923069046071357356835629862725062871314584269465965348721995604639066445439594092996121252194848727813962657079365354782167685752402204161624539639467535185021954800162026152184936689274055264730256414174382509479517097693278072456024491430571770669844985784437111092759231181607079426235759965235768037494961849041983701451121969580646509802722448785226183667513253609350824796117924838013182652763119182427174766044382954425316509945609632233736163115408973264592847910913256982823547591153120813215109024427185113020917548774973360548727526325251734353639347498957804911223238167205656682946508359427579395823046605797248075594283265986654393406235978127613930181560960338640376515960803278043611235870940373895648423845706963348628114279051345932552518955040828007907572318703972479828931713785211750905139439972253567258049594275903815171100211907789216891623551006022789794951897382038108489671094909183096011651451701814767373229867922407122412362523445975220827822439250934221427739315384717126348377277744557209697047328633023896631717991225967757491747537689111635139736404658992257694645981871894606319684719902536437387632422265339418394877664780813386662731065740790376930750460828083267616080793898145932043179349706860402948707593313968216316002728035679002588422342155366557923576048984317487284913595443094935831018191411403071713464363624200464813522002664922845375696061839297636476771153897722129089706672767293157480624102787656054298024191784575170896877248600539890839313916531273425459541703159965816141039921388599707443326678624101751154400396331219827622509856419311836144538415424054912822787028943244530037205656675889255952797251896897699344752030198497911635688205214152964295813728493792820111380390012075588814832556503377670723197540604557194561919642657862511319010520917013754538050377985711816537227145369799820145493578194646881914000490809054863908613670408386809573088746295239383211508541700603891294577713462177408215306567493549520879358752206760873257677594482904692379566887808417369411117688524619438966950082695043850345617434255133037864839090806718214349947320290098480973938324401767416761790613138461961484520123367697619215354294957021230409272742857109742967738778161473227296154131070769341432297207176789060602688675583492697311020520858950155542216056354101104817959431322528930302659079072034364543520466053898749983861875400107939099340991721240183054781984417951174325044081924045932673217539198940770775239278685121377217264427612308281650167623263993647752694186494085893744690646560239654273891834529834167628427458511177407389565150766626714934469054091233059896724026261861880191505663452443609583026888793242866806701340351210903692221906259544062332792066692865322256818907451197752872563452479027040958856977324959365129656337212527953994907408647068637949614437348530887300263760063864952947779575387133145488211521330583331422970772476877697215046420698026009053766896036734218860456594559946310442800086993150880538773313065904741014955312853054158813804081538109535541872322161499947541540634651951830631920271683196675719084202207615356428297570589127223983417081248584491501390689557231726151442588026026524057253914663740473239788625887655106792446248049003664383400945748228495684179643314536043049044123350867505283280405393233742986863408988015545418328171422910443444215699067118419279439670851850712071087864459463384033371496147131366117629696365732704277371392182715188211359721599315481817172689656215441826966796997490667352944901109887300572963164054351225155310632918120641814998978091007130125191583926901393680652034992771035403290474628811519432904192654350702237149089815487971334626087579727482337077638018666531557984577715292824827894884449509141966575697347843852246351983039433771949593160126704118596327614460031385518282536219628698491374148097448923985731829437671687242137622670306972928359875493854848013577311101289739498032129013779683666796867067952241962698603477782464237721270329200418269861410828131182357535962341633901912878900287754058841437937202905678490962350830775245136620410387200165116202890348978329590425308152332280823828961863925742690630798228074328854698893324524479099793373844699540735717812334823224752566441968379887095152044723865126540656654234923670774045415151152323509860561518434237311457202774953987255698562576957719851046072718242546694182097335396625037021609185311175113796451308385276817006798128303035094727104668922801449267209137606966186219573230806684763925476530934390738785096630766448713081233582557415065714250539001645805031278581506496771589055941242657935982485438935431065913515584835273899850346556468663759551017311476822641056413249300118096619275119069419344118548526167931707950305438786113781174909689586116262192802743431170744638140693749694172950495274526759033138111356724320293953909416151473204929898801390637403603624639668793734625799504214270131341024290816469086086609671644930745997924539747529172341332154319619815592532606993044151411137891870103788892620610303550177614432675513365700518865377303861699245345019804006638292367986168332994453511907436402174373017494819671929710793037371066578176290866839661509385843254564949901244873589825277233762512249317509375619644324138462874743265930274569306541221015575660360949935226035811205760782177631212229914268361963130303492361287314610705192171830854522312969242443254236003015364335189529975583883627510878151811553415351629417117859788710102913165400437122471804142868878018935686731228103361072670438875537491192369235488701469593638646957440020978204500765904452641114138216846849237097146738722437014351044015116580442119671926097516707753824827685832719645346058249719407433658842524636593921991070544065092476050696177075319121741433435921633286221124983847259443263932150785541607926578789851154555208132815842282541615383166156234696431105114690964359701546239487133033058194944572700652142647394132618748911596451084433410541791306797739897357058880924652932132142936843828794446763887819553906263077815166478257189037270553449042933010931218061431930046875164832524957576372938184903841939994429901312380880285176823832718052281558543961215183891553482219253244631193357674844010338405950816219727556477933870863065280157371403220325110222071590957283070417597531742005369468973482472599035655319392889981748729449473107508568442914685776854342150472697254292410400673639573800690948835737332226631733824805702747510793749857023767142363292463386896818670508412082880215672642192688016957889175157468872670609713468106161039980376563481655904316450872511045427974045462567315020552885308018852273016791111080477818798624559925687938452305497691119974930029327313071145088999820575709277588132840767281538457862051153233765034672760806445117532888654904112706353617594237113086942050901963247353695062353516247087456438331085638867209201832829062129807622112788536030134695352398293575972860807969115300213063249308071740452625879689043643814710159497562011949744456707171655022243771709131958095558274941193252664623637699342882221023021829275874784489364637995142637006682832172213656300084035174584359513103936905984631371105789972799227189380824246945169219497618375715870555894445581687671047750037935222756959665783815941139419837338337210657134771998660655979250491889494772547553934127372659612124700891901249805218403079454672001430914848612877469054389754820503661382542572579238724516502026039696020986707467965833361746000598302216618684416812853724576496067007873432456629480180092086858257681994539206358855576709460108898614474722084394031143630884481210839494593261105473373102163646283428984594545502905496590296153330292096125251478563663547801596573727023924254211034303134657504066553358315394783328081943941825083526484802950196211110360343066997351856705414870474725921320683179854822307748636284571990520883132016715302295702769758155740473694574752607529371558575926105787647766923694102362627510662222622156895711033177978998024524793036493372072924408281949857449658498708458031073668842550073639586534039728498987379328657246107961116055117162024594256630917730293807691834553537452448274648612146260535399837254490046738047225070327546061378107327216487288333829774957797387999462366312592455755315547710592220295357784688889257297711100187152018467218429173718720007293167562438930728714685572313640434761995034575404624260481973795865321131391669146400371543947431769552017056314390389536034853266396875520231568247813516369196396167302468101664239683810502611408368392649552247274702178954822217386299400850415639498021954399815554837839577403763098951689368138409200986915591495053266940401039448129439849579485964435858636073017119882671857899846261149297051198762707526773611808588352619483482241687998073479931792632951726789248270575803861463784317159906167087343576015948569021562704397249626557676250344147870259393264097665526278021325753648329776289547436865092845299134880840657830601815200624613529576671084736986029335459728608847960986538625752416858319592972784949654715068883225092201902542241523047412910417689187588169037906449899016426580643729420518182439627153828983668761656659794887374533045067983962889541858532447519275370403969176916591122459620552481225347769273559267431001327462360219398875120545115989597159108752079211237507301709654747332643703466940523909569713971607793918741994491507490363505549693658953067663619771634374396701649954743244155132107557910069528489795990831630928955507753617789138197312656140820110262583031792266522132368182615138302768306525972874277127593204382604947446469760082686924804987146740386707823355724945427301607303162163145388755619465846837207182969818937081589077257239030805751061829484527123179910368347886668509820012782216073268036175348386543220866211309983192230728467528036308931209906987648454691233035792570193181990325318681845753623225444396131108452772609906462662474512159152454606102152376970898944868196471309992800200761343306273356326904297736153672511118637081781971642475474324817048105463024836182817631707316601933753188059710659573769281694209651839288921442910733917875708488223154372318946596161883146797222142142411533568079842853741619711173146003246266030655761408296581168075448048097495913904129802667754204564099992377153135774449133445169140383662172513036881579019074007488036212403188847412564133560968686101457753027760343935640801639458542380278713752884713591164899660257299540598875400142800501317470377377618161244568533635502405069435232739524665925047445874632901603147561819894510468910478085916786903140663700767518741532429488218152203673006549461935505187863835482836366653211620327522394101190023270193953702975059284361756838232334514530550308860626117506795447258724386988546359593485997754028742069746472692612845302555134178269456581697928470019501056750370424964329936663162622902981448876744026628081227726599047740141795460585930204812128337906056200314714502358581227342857975060252651946656353441497528987054756335600546102785453192004188525069869452051609539714857324236202685272265635510816000957094062720239865682487090352584293371571657231234432188306549031377443728919553887937889928708598559936503122823179989025730208998375429526447039341537426081933019360635796326508565300135998518980555875052092151737186557708547076457632249177695232325979555445883983769639111251998712655004153648416513720138979359312551316001550522611540702322277022228191798157339133074893564641737701914479054775623624378723192316035478074227399472355616463781705698676510369092845472061195949322134140268312662873985383796608201456901837226760633688502417934582757201503364234713551838535044258747855371524701681203402734389908136834410358790159030504233642603480898004462749703536435238194446023903696519451858444561013983634456409900052785090179786060574192402469274568970133463385314999784415878884246335599682191489191752159261395450548298329228579818087988477140132267588366383084844778408913564364442209802020105732121292032754826889739500149691644845961704043359346130260027246306449016795072846861099243861249707974635729350302621930262813173312791130888829843845480756213800529081917972874471637883376512455597148452941170324613956875260640493375021499639910497669301942401176013415904291709038065257074590310954047189315576932984106349625145114596090853134483632334229781959509024112478084867632871205304909031782648257624454653506992507408247179457843777921163703357460509365225069165262180409316180186391319600990886996170934411208912550423484787856878758788437601378493976786298569764791756474327317184665359969092053913035809434354451343469575609903079022435493494193484767386617373240777644724820708231426984662278286373809073428989442303679193960348839076973704086395791066951739123551433433587694656226128898370129789753360552971274885351128773543859041803026814358809322870552756892953691916063264742960814313742149694363640696347479197780147399293141810178990101259898383598203758500445448056288638339074725279490673405698408053739610241064299850716614507163463441320591893256184339660844266088528812123270179843476773179047683350650155442034411901882960268813125804484822282913977574916620441118522906785578030236962734160430519760227184744870346897359854675823943190118860947438669500431724256045665615640445124759786845464999674589174595007614338397666573384152242517394232504661622945753719897359707948373830251900309260893383536032323669843365468768271758364309365378727519930300176702554294839655876096336310480210766501036422805966160273745617081548324860173478030692695720307410030443065203669060084905243484147485930549958727835252291777552886901650442094039994292893884671042722058125465170090840209283332672947998545754098225629601739666164488011398959694396652125335977213050112554359480086092021504157883380425298880531612890833555120455638171982777136153173698978348027005167597912470917927162401548289216278184267379444448399285842359933338913831979180636083188545225596192479850036310993657428312595051247978724646409144238263619525561521257588692244803136666731832678059833667686200482552050865810108085761630658262555082534464271408713942452160128702003557876655525340692679231216485106789604447423272519812322049803083150274954193808675995151467526190296275387040208851875177126013223731446100935840278365065131432500212688594685705203671924617869998727630920921357538446492734597216895823534718911308450235113933277724618075983139571798891263590134897686834373717897383820894672911560002554016558822415241998382661900494554595107069377230731054313630951195648399153365243373989096918218505562383610872257648510326783699897251841591442552189197178922269972043789986531219900903136075137570466460431165778519436987897048993110638218881686072887105829326207088343513048129329982261452543228699644221400714369833283381219041203558881624060572897760584212136924698646949689392396684072446129084421981675408263383569449700054910912319312227446331534021377811005926889309775150097827760193537273860518268892538553890644667770602234579015878171249896408997561401966983762260918953413773557998162559677211756898696254432372966429831093404821447098770795766881439770189299341250722554746648087258261214907129267920936858523585434086908568688905699508083256533820521977070876009276203148017911134864529221458711445445280700230115137787067892434045016415568625435319973380376362754986756553419464526987024130552307655522716940076963445641077689536474016777866844831048963200424340966895995187149922123436177361465306638201571136956496396332408448087999990483869181612225163220660328579887721306141388189477491158717334535528515360705302733174859870678334397113191060600480856850619373492123207397830987087689274554051807025790161578377086601483431389986606010162981448771489376199331194452650318572165563149508159709085533759052907248543932042017735787124971705454031763138003895912891567092149286323198610302849264792686289551220778015608685926442285393529783549632185247181937572979078169998195270168916982057181395464877061586617336632788406663187819732458975729321318692778823045540308051431266901547652875590321236746226897891618486277128316027421874846846686296610753517748226264231645851089843175942751081167977442755882098714446030809085783160359748500883636615193830762767896837330221436087539996371443868977174513111176485121630645927858330382379535542321972784206373960412953670414166241239931583076210949480256860195560338297804915430467157629361517456523453485275322930168182363162723317098563303366111264576788434527269360974546738292979190769220856027867372973086395328206655634640731505348264943688844268355481361939364566519978661537491500984348248997364362423611354165006706401080890242504019940860218724014010862745795549757783234250035433081649520717293029031737829640749153356565276765504593170956564518026023291741156514615330005796505081518684869408310728273606261885740270041943792443252817925636848389874921453691905779656082705332092261530627613879392184842154364113384704268049116114917266371838113450244947079101036361422185087382032479741807035477627951139328072953556276778658674638524129254072082644441955985995110460193170299607794742218840019449879660428803186630824141956388821593087440745099142074223509675408171969789845445159336107609023559515365368660844740862908463708230412586849335366350310605170274826444827600070398041791152881159622414077480676989235046943804319111545221565980474113148715915904335687683648922563848311187070071985272942251171005855076941105005884269231323914256519245168866120074920085673145841913582019957864657585360120215433639360185076360120870197223740310195214284397068520763726301805769678305544217405132358999999382476587956642944741463333325875125709423824581172578831094894284546774917769964122241091620247489077988683026807035399070676262344656602215714991947839399382072770969262883637666883564424487188497098790956656019254674085387258381104196704629408029573602629264845134899966215516053219568621946741958632912824437578009743890624793343014774591803130793157287397910609820637709974923924765667857492739859208364513366936549529243531502112298593226174584967753054394953936334878363681443691422394166384606792209898395362140408433343006266821229271681970265930279897093134974350865467000328162325157087161400519995089392153141650956487248899355360918937761034499162567628642888515251294750191669237465401490797951441835598171360691080226909490580984088987181599461320627061835200016609267630722255952260946678209350196773226071455391339217028797633606590538176902058258247570542233198269155771298157858568082717832040199608444839079725633528654995856547713365151934651402967651607275483013638397975958938990951374810912411587463150661383715513397956979017801944655415194755350099244121409083912213115009953379856829364730775942968258934688046408521151893454158800387218147233448078180411657026652130103240217236405268812982100620005072664718216840957488542289653167551710819296662345406712538137700869787215549857806835410513841999351259189137350073864425201129063133032530023420275809924058860522065152973079502502855475345706956903435000762261223043206608743615542037890796743362239219033035460167375091915537296197972926519862133144327145774537895347596487854910474682622658969211771537291171989104834354746539842769132223547138463621127224598202719743158202758515809676416843040685363952995350848722767741071951515559911286546951664095067953765833347733143559696243998295876764981370502832946729945894184702588468489995064027411005071948666492904599514085122302754546720898440755349417113221602781142603152221434203910502695932088003071173893468544307708309890347442122442299220803051083947273641268617542188603032166019263613064151433645418398163569050253418841212612763438297227247863621728563683373565634681725431628600607193871385322434711032009676720546997981489830484437190173374553502121441191227111666180829345331794587621389037083984504616691359634213704240436604999834384166626808418974481381843208872039194787572175167044017684953505873415706130018696846563241843012385644248957452856196022172920806860808796109106775104570414145190301598338406685400035484871546286902315910105126185533769549385407499723408327074887408092515585874349155653691414907736548197287516020137854945413697993134376749151563490708044591966642535686614192836757952189195681587774276767122083455975612129218443769828115800836083533284823346305552925736805687701247227933860339936476386580879902868755735301685933301101605657675799265734532603339708187308335943231492536267679667778443502834707062133867370930304173818479477896503678929029497640248882935765396130908516250508197643235301618989883468015873514730712042644304894037029446939121171038885096414726610688268634120822774090256594013183181940633946871372120617907807930141837387331260112055683930428368019270651815544273309358331265906390605965942329010148095241340223713671141751968259323582623072400895125289361080805732712636532889346904612203511267798131725675639441817316044811615162273581878046173329346646857020998293929585834447707419089257774468655239540387843554530459798722610599953464747556677365075872830799768257394778196404212292550289945642306850488131107283338518887166113472546406855681924648650510867017891848231907797266640739569172096680229591478421131210205737553555482789050484925093152475043607466912898878252053323113273368829798391795669561713820391089073570335982046346059822092085901979794946971182158544733811062309683486439614871938787180873964198556603833829741334178415696721387402059565144630803610201111489468185320303937300953714662504437607002380461132701051638090471130025340196212223290380619160019719238233849041682474204462373041769855464531936627876337434689737279461097865537809067272991394604564038432242322362137473812301938734167711002501005737095080605723571528204361015073080377286454012555340234278945515137712532285824467118882150168375983203168696105772570304098400166042623583808580312323644066139788207397001490012921704877988098518502680133647192035710713398092600360376432922002912635049152623323006335536353956386686677122972527407839902984479128205934009280419430146970646447614137762932721172129088920253541350037565946388003447014227184126045071415789139931026996065890915516221771211130735507831961114237984986560729909459105100356506387911875546671932520965848687450642785947449027448457402917845133326146196290621609988071225956044346081753011349374334638659897430973905599532161874862944600288165932728435796002692748387423760086282465263237977963245222690625281774687062870842348918713924556287772279901696458645526854712676105741375871374716963322295938809457989514145623662112633475371301537338230431351571636876385263871412816756895697331374192916332604344006357824939299666090896789800058333852170252065219229057767036997662773631698341424773363665434213311386793524263141175332029067565019429643843375697977232420669717470784739352148701515727520241977462274310059022201472069460138364268672511170629792566543183205160928956246138670164601405667212697971704312210250924404155115998330723005156925920978036603546447842904280688993105175583766856854892152639298765321756759613052010692486103556146999092307869109145530139203794162836233254852568941320449644174255946796441556194487800366183039624794927813235499226317368522857049727023078924233080100033775878534221914243682901749954869766208861975503833494644546305974404679954150975326832289077701003492815968672175295637364988556413462629489149691203236756219202105126663894380012489879091847046828699960598292399745969732407299021846523585706440265122868024748392936380017266254982568938510508147304576613989350602853222220266594358318276050542876310665414494866780002315545577104695115974696054273831110975758012136930623083230054986196051573010536775184551229913109179631262559916978533033473545402156826195890872773087842735244210762971733463461443005972380914510098109001650297548605330366726247314197185604785588597281017270540349105514521097081912678678406669960274450453169624805726538767119474774651915966529743636588421867568630817800923576716966871960800175645377026585527213231194113083332641141353907416522186173378396760891493828693890912393275300375714666166444136055531765727287027549677562714013323061388236529699735421994921114723087955852742538886108258666603472571039086324387153374554058026423624667352178175390487749128303660682919805424921600880392411730403543435150710384215772363749579529112430545708209963685248538278753214252998548100179863180753563811994014539227992298014389410388806224506035874587485572185124588430754266874394078568875872301117000724784946623175041654547046106439665649470600130576032704805642973393272716647560972616158301745079174662644866688061756900500745773290379390849853098791862501528280392440595693544972034322139295286149982602950446240552514960417667705344374306780280305954207193737205756626019906497927026356804361162169139388594536366585298992171547809225371375044596043399483507095544974697482936443454058398608793621258291995021626260458606491659300378775031457723524895953663577109219314508693018011829988450497619284606339205417634638857030278759632111871699647182030626087701296367549456170450479123717426877757909968505925833496652978352054975213225815819638588488246241136911322023583374527749275828511162931281052237795010206404726341980613425081400191191141540005787764588148625354840997203462620176736000716001520973373382228643044771874532788876812643576745696290924275126891747629463431556416405889423085836660872208573305521926799005086191989642773486834000040823425287310029707545224160083741254461115943763326298841493717157441185971364192714201605989329707183708357153796942430815426234286252220972789189212360257291629976186772018255670750971356949208858633622722821411273762621393873945069708370378150035509551412982763940966384094724505281485375305278750184142961843114123006637992569240108796601129273430188731280610193408544991439107616716812708668155660830980030557684834482991120608138793981183678560568831619334301346658369792754255766331369471309050385722941199948795947530212056984289309225499107593838342606025333467287235782133384621512997979031145708073019167787121439288766785003345165878101393883784958111085066789205406419092258150459504938297301569272929593460844429534910387005807954328321094104211796946932249778729276950146351535918709912068259306275568924257127824417643942166752440375390311483578669111417016486760409236939015242841658410456213380821699907337046945905740722173237454232206711648172281089327148709996337258383390259582836041277450604468217311442234654096662570674187959885234109613533800029308892572552093520284822192064047913020282902021870589314140469618501445709985552864317694562863200644434828719421392030491134984606996067520224572451675456032670442289820981812189552897300797746292939117304987497953360208226867118820138503375248175807867754763211275449997780411349363006187603454359115160183888120718151323682735437724510540355124172393408669231043814521111706173102685670196865104532905875347827659946137238847519313327161292295053443748167642182207826376836180971380822766796807403580496672584120151063884108131266837884037157588631065471132714631053022520686765313796473097590167232288525044736871480925049033294931272842242381435322994661361060849867751646320160155370162258866844853440166441257022823224081692847674362919248932383886042800578189402305273947449450632097087866712171086338904124533579328840619131962469171307847269209796839140169613640916111308501126362694441071210354642401348325286926470129693736685671762249214782354090596208287243350929451675422939856822169836823747306914474531509335526400640850191593348722403826663970131991654621573079700103326712786120548191283257047074507586661933667565737719658285781054118468054801216104175360360008061581234922807281608196793148315914960699310943329450877370513332337705189028001024754797507568747797537937944229751512313770793691873324901970451693259807617202371763630688931381964711351686235917882447457718652452119468230558962477378740708813742552530287865038480847405250788628050399996151845885691893218651698355404500135205171173498195837086264089507554048191968627744654889334571177569842703781580983509744066572731817898837360320791614214298887795671867110452277218282712440732745290023926980654799656691436273476105457111964220193710235643203738431830508738660260118517683210123734617281481882137506036602230959124142865593971089750750122360661362934302667935792414447988718709783920610037247403417684429113933096764900043814622825126625212033101999569621635949943606301459842804475487500848156922959894358084961723437197762892991136269933830579549998752163282942673074704873767129056858393449223070058449995632658637839684701684603011617541220186509825517441846191931295932387304642476529546778676437141738224865504149483988362321069658940597498383316203247820961477787268116335491286609541511249493897759807022684107289242976137788857230669216301653459035489742050602347352749470650206730125426173554984353080041834474661643814208911700289025002728326967437238130892283377888142232842045991111047490927752933997423231100510513797006083748522238487852707673632663643071553193355833121747379866202985471186117150823069532703572289839554806388465032044152487626938810972337741267394515079997865870603267331213670816712939467964353277722579511138226504866073205600870925038028192091167115672858647078515337981420773189561469561252260790065919784514236794805085709534097953652069471848589619035596586790510275916432199592527344285119505593834775850869778365673140620983171393684346231940426157155978312964321387297858348227621518575549505691380366963037452014885834135078866479630298651989586876477202738496049092848941844315346235537756208626609594779467834539442662182539409528443068427306093747797958467196174050401213128788736075604064631341865952980551844297212563952554761380614497171246541065676808492779497342305142867173428318205011351057315572798774944197868114559578057530743672893303474416098627275981191739718279486097905883902103978561159707738995623906865256503997628944447651970060260261144038995846358201955159849933854397019618691107757857696715552531214555412986260016987314333557236644520759407438416708576115440752371264662430714711111193855022680254351290814871701085517147674882779690457600607400257936254284777660868101891675997499441107615238928252337046695848456734220844941810628078629469809365203411135765275306160679107967513877408997807586527329207861097612589030758610778967588419167004731092222931472325096197154964090436956092144003926066818575754393529029430507763738406431238172306277051643028181781379860075731011848372949068827033250781282225126166300442651659395692258570689341783580762898552057369415795688726089717181732298338531185401083192163365158631772809386412788114125289690071199040335841659799814218145953169247746048251533987780466228972984555302110572797614145751043409364310302552597072603582487342195876700408890585285719621384344200907942897028855032976289761941807320256391749058307688008942430562846654744913554554055428151164351340600111772468762048790777533448706182339473354103322266533473849056883781518513248224580995161547547649346218136404125185514224042362868313816477518983944223568307895338129104587246645033341475689718151147979299048855057293599510334285419323691798595060174814269237413095721069653041586070227188863958147168048918419666159214818362182055016104374996682855948716833820827050681450139811774315347869138407712698833292212567134506598227628675227743210778840781190161284129628528229494691901536169237343621060994506841431097133996530411928283270742923475478797039435212475193505878420949715159793926449872097342348838019613441869810279327384101509955053396005129601686374337386106213002276542324354202984270019517354024733357778561648777926826262472644153016851400983492521820132686990998049913139473916656243476381828002453576453128819139062801053064671113167258004895445664592104003272289196061532280274736579426570057160093330299325764276133031915150219427499833476565063924322854036943539777448881378871197300309059413822744330116340264902910378319257858193985198125969705355282721602846148135525535410292570383413399024428085597903819084486493911477149472185663980517076484607574395451156108257003255271185367393688954320936679956605243439704363762286985640274421332644229285317614668698630608381708697154762876361370613725032417490922377455544182124460476364597905993019727818794657519141970583374602254565786172205469836913730937013303961100472110276738111163415194616256893765658994584818013445228755689187110042348614517692366528604869843738984029034265071074316557256783070388227430046850905732125965136453690399741857108326801480982201819480315753057117045026784020381545382974329769646361048701422550424081806196277699777750003338822368677847393922310402476942944889520957946716146156131687117139819589214917706401797383694396234832302558874686594439983350893449579982899413818491472251312375112544410228772722237520144249461090171079909478688739221144986313690914318980249282548985523194447540738741877972219075245672293015530440062757494118612584467042975374783746398440880013152005084476782474731320971809569522817470575634376924890214055604725439758196269184684235603907818087277182056560785925753362291103176191671395378149073075533386848484730936499225457097720979750963938197149144784937793410545853366314668378911817586380641341816338692826903641351176217291657257489815474355320211685296802486381243067672350185286192724039784718114626704596536471933186637042351017608324165508717084821682593203654683883370010610949019222579721386816711676910064158249933973750143030415793662400727716903469851117342002454995400248234129407180420710796144067858381202828974152358081050520424786141913423920397701212042079667532991566859337527212617776212889641470302777826333872685053925852512518149613646644160621519935956251181583856018590866544746864345975810020863411629052754321881914488260119424766136405249947564166748223899457207641650519427555181712585026086654160872490383456238602470671531641179750889113036858767577549062680155848341269843219151865149348847059221212123715805571266895994262369435685923642137532956246452710544822716056259285643979124388057368769871894324265601149007728914477385626746978851429262990995205779754963521537709824329189998279338048082665466111878298653566794425805958816422777305636727660477544613684624854381825271628592257238964033648784690641896848039810410046650063926666284005199496877067931783513450607074287338631812513694506512730338345118100530981821072569988175140193908041391117184213258622536864704701918924682968616832039714912029874192540267417349567185823250065306809108072001178838057999255181162165165109054710902019205029717606397311287858483384255714026295728849542400411836742255287243960708888479419968888837648891981347768294910333653240566928501748204708053955143756573368228633940856826308701879440134640156397709197616483028877518635307305049974168676799373739404827235395177599301508248070355686442848288332802651517899852834494794173338019124247951953281127476817715217499429249427862440654179266486384235237396949865318698881836949549222703683580275427384295718558578905023222983042370250132571810195010796729208801856690446318599457892980846138247493148796075271137050168747914818724722536398147328164962940064431196349726291389252623865045843098031446534706858552409138851592074742432058172590908433122554297301513302897482955998290560693189629852794428283722987407806869598640097526387710815215172092895744670679872413612283405019785655105015378152476646567536577956540019844850117209124696009333590269216376500224457082244726573227079469154073324281037376431680954809794700125643561257876122540614529613103279521066917894403644589981483790269617187366167650887799505857324677335956337320188245077335163995427600569241303065530227579410126738651803835237748859849716052308590494393290688089219261708278253899119816244341392435316609133645240526447518321281499888909168777278928550470372382215121037661258712340354597416964363473255770554785736159421554122658014916084319308095745496071410788773223277856022932673424717066043645288533528086789247801271332999908011939626557973345792795210814848995503534965545482452599645663581937390000700252379318831304050504398447768476224151743264260692283320389843058581136991795580815649351754404529983992758258011875423166214169072621843103186265114080585650599419727025157286186733564111325180454052342253674637841419621219783276619069494313779146548041701254859122152075675383120697131696794918187138619157305431114474132062617791667920372493934013885368578189864965741888824125117035305402131133313370841839458252480491542363941801895766149861572412338180991504766547405845137433799703620326166602077994326540018741725929149994908143745585821236761777532053357190742210365030798519494607561165475742838765856367282275214897855891143883874436882275064558217260033523367682062388561219536980663673823300339365297727412388837234815869210794670759629337054846277027445472619016385216842994177374771451491779955756537305170622870410044952792950126466247058506215061785748379550455838833266697688549158209890499100197535568420280756575826728370983556669503675839865467592456754382277766260451529907006156734962919436075230877368523822716866374292258884961894307515058837538284089361995773982303868271361995758068406766352369539493922830449543125386971003313652925542297939195392813531624971952883232793806757414501174689362456657062917268393989396390176444353089813001573027350820476814098130372669950301318890234414849291024593046243778766734162372095617771060879966095075634369045217852502377484130605979198533759723648833705777745740190428256227548330262525682251166592723145207666865674194997118394551556290264343663830547030957591612111348124396821738325877298567178364355353064788537139589275001629774365027438088792573168705138799619540637104675770192710040477910341792157969099239573652184897670534426211969377729124602394996533304179465039047268130872230161283235343869108765543363665916895416564812413426967865945453594129234925559046974149702645923490115159475924714325918937043171845193062834760136148548304864528151694711699441024023882800754266191987571566069621598369588807952975501921969561569765434732463567307624798983170001974034419704646283851996078023379715735883782163557455741574653777672789128374950323543193985657777364251829581158159482880000000000000000000000000000000000000000000000000000000000000000000000000000000000000000000000000000000000000000000000000000000000000000000000000000000000000000000000000000000000000000000000000000000000000000000000000000000000000000000000000000000000000000000000000000000000000000000000000000000000000000000000000000000000000000000000000000000000000000000000000000000000000000000000000000000000000000000000000000000000000000000000000000000000000000000000000000000000000000000000000000000000000000000000000000000000000000000000000000000000000000000000000000000000000000000000000000000000000000000000000000000000000000000000000000000000000000000000000000000000000000000000000000000000000000000000000000000000000000000000000000000000000000000000000000000000000000000000000000000000000000000000000000000000000000000000000000000000000000000000000000000000000000000000000000000000000000000000000000000000000000000000000000000000000000000000000000000000000000000000000000000000000000000000000000000000000000000000000000000000000000000000000000000000000000000000000000000000000000000000000000000000000000000000000000000000000000000000000000000000000000000000000000000000000000000000000000000000000000000000000000000000000000000000000000000000000000000000000000000000000000000000000000000000000000000000000000000000000000000000000000000000000000000000000000000000000000000000000000000000000000000000000000000000000000000000000000000000000000000000000000000000000000000000000000000000000000000000000000000000000000000000000000000000000000000000000000000000000000000000000000000000000000000000000000000000000000000000000000000000000000000000000000000000000000000000000000000000000000000000000000000000000000000000000000000000000000000000000000000000000000000000000000000000000000000000000000000000000000000000000000000000000000000000000000000000000000000000000000000000000000000000000000000000000000000000000000000000000000000000000000000000000000000000000000000000000000000000000000000000000000000000000000000000000000000000000000000000000000000000000000000000000000000000000000000000000000000000000000000000000000000000000000000000000000000000000000000000000000000000000000000000000000000000000000000000000000000000000000000000000000000000000000000000000000000000000000000000000000000000000000000000000000000000000000000000000000000000000000000000000000000000000000000000000000000000000000000000000000000000000000000000000000000000000000000000000000000000000000000000000000000000000000000000000000000000000000000000000000000000000000000000000000000000000000000000000000000000000000000000000000000000000000000000000000000000000000000000000000000000000000000000000000000000000000000000000000000000000000000000000000000000000000000000000000000000000000000000000000000000000000000000000000000000000000000000000000000000000000000000000000000000000000000000000000000000000000000000000000000000000000000000000000000000000000000000000000000000000000000000000000000000000000000000000000000000000000000000000000000000000000000000000000000000000000000000000000000000000000000000000000000000000000000000000000000000000000000000000000000000000000000000000000000000000000000000000000000000000000000000000000000000000000000000000000000000000000000000000000000000000000000000000000000000000000000000000000000000000000000000000000000000000000000000000000000000000000000000000000000000000000000000000000000000000000000000000000000000000000000000000000000000000000000000000000000000000000000000000000000000000000000000000000000000000000000000000000000000000000000000000000000000000000000000000000000000000000000000000000000000000000000000000000000000000000000000000000000000000000000000000000000000000000000000000000000000000000000000000000000000000000000000000000000000000000000000000000000000000000000000000000000000000000000000000000000000000000000000000000000000000000000000000000000000000000000000000000000000000000000000000000000000000000000000000000
 * UtilsJUnit4Test: método de prueba 2 - testWithTimeout() 
 * UtilsJUnit4Test: método @After 
 * UtilsJUnit4Test: @Antes del método 
 * UtilsJUnit4Test: método de prueba 3 - checkExpectedException()
 * UtilsJUnit4Test: método @After 
 * UtilsJUnit4Test: método @AfterClass 
]]></system-out>
  <system-err><![CDATA[]]></system-err>
</testsuite>
